#
# There is insufficient memory for the Java Runtime Environment to continue.
# Native memory allocation (malloc) failed to allocate 32784 bytes for Chunk::new
# Possible reasons:
#   The system is out of physical RAM or swap space
#   The process is running with CompressedOops enabled, and the Java Heap may be blocking the growth of the native heap
# Possible solutions:
#   Reduce memory load on the system
#   Increase physical memory or swap space
#   Check if swap backing store is full
#   Decrease Java heap size (-Xmx/-Xms)
#   Decrease number of Java threads
#   Decrease Java thread stack sizes (-Xss)
#   Set larger code cache with -XX:ReservedCodeCacheSize=
#   JVM is running with Unscaled Compressed Oops mode in which the Java heap is
#     placed in the first 4GB address space. The Java Heap base address is the
#     maximum limit for the native heap growth. Please use -XX:HeapBaseMinAddress
#     to set the Java Heap base and to place the Java Heap above 4GB virtual address.
# This output file may be truncated or incomplete.
#
#  Out of Memory Error (arena.cpp:189), pid=2248, tid=6560
#
# JRE version: OpenJDK Runtime Environment (17.0.6) (build 17.0.6+0-b2043.56-9586694)
# Java VM: OpenJDK 64-Bit Server VM (17.0.6+0-b2043.56-9586694, mixed mode, tiered, compressed oops, compressed class ptrs, g1 gc, windows-amd64)
# No core dump will be written. Minidumps are not enabled by default on client versions of Windows
#

---------------  S U M M A R Y ------------

Command Line: --add-opens=java.base/java.util=ALL-UNNAMED --add-opens=java.base/java.lang=ALL-UNNAMED --add-opens=java.base/java.lang.invoke=ALL-UNNAMED --add-opens=java.prefs/java.util.prefs=ALL-UNNAMED --add-opens=java.base/java.nio.charset=ALL-UNNAMED --add-opens=java.base/java.net=ALL-UNNAMED --add-opens=java.base/java.util.concurrent.atomic=ALL-UNNAMED -Xmx2048m -Dfile.encoding=UTF-8 -Duser.country=US -Duser.language=en -Duser.variant org.gradle.launcher.daemon.bootstrap.GradleDaemon 8.0

Host: Intel(R) Core(TM) i5-6300U CPU @ 2.40GHz, 4 cores, 7G,  Windows 10 , 64 bit Build 19041 (10.0.19041.3031)
Time: Sun Jul  2 14:44:10 2023 SE Asia Standard Time elapsed time: 24.025359 seconds (0d 0h 0m 24s)

---------------  T H R E A D  ---------------

Current thread (0x00000232283773d0):  JavaThread "C2 CompilerThread1" daemon [_thread_in_native, id=6560, stack(0x0000007425b00000,0x0000007425c00000)]


Current CompileTask:
C2:  24025 11737   !   4       org.gradle.api.internal.artifacts.transform.TransformingAsyncArtifactListener$TransformedArtifact::finalizeValue (168 bytes)

Stack: [0x0000007425b00000,0x0000007425c00000]
Native frames: (J=compiled Java code, j=interpreted, Vv=VM code, C=native code)
V  [jvm.dll+0x683b4a]
V  [jvm.dll+0x842654]
V  [jvm.dll+0x843dfe]
V  [jvm.dll+0x844463]
V  [jvm.dll+0x249b75]
V  [jvm.dll+0xabcac]
V  [jvm.dll+0xac27c]
V  [jvm.dll+0xabdbb]
V  [jvm.dll+0x6da81c]
V  [jvm.dll+0x593a07]
V  [jvm.dll+0x590b91]
V  [jvm.dll+0x58cb84]
V  [jvm.dll+0x58cc26]
V  [jvm.dll+0x58a542]
V  [jvm.dll+0x2243b2]
V  [jvm.dll+0x21d8bf]
V  [jvm.dll+0x21b51b]
V  [jvm.dll+0x1a4fdd]
V  [jvm.dll+0x22b098]
V  [jvm.dll+0x229159]
V  [jvm.dll+0x7f809c]
V  [jvm.dll+0x7f25fa]
V  [jvm.dll+0x682985]
C  [ucrtbase.dll+0x21bb2]
C  [KERNEL32.DLL+0x17614]
C  [ntdll.dll+0x526f1]


---------------  P R O C E S S  ---------------

Threads class SMR info:
_java_thread_list=0x000002322dd0dcf0, length=87, elements={
0x000002320b9cbbd0, 0x0000023224f8dbc0, 0x0000023224f8e940, 0x0000023224fde6a0,
0x0000023225908270, 0x000002322590b2e0, 0x000002322590c340, 0x0000023225911420,
0x0000023225911dd0, 0x0000023225914e80, 0x0000023225aaf430, 0x0000023225ab5d90,
0x000002322714ea00, 0x00000232291fc3f0, 0x00000232291fd260, 0x00000232291fe0d0,
0x00000232291fbf20, 0x00000232291fd730, 0x00000232291fdc00, 0x00000232291fc8c0,
0x00000232291fe5a0, 0x00000232291fba50, 0x00000232291fb0b0, 0x00000232291fcd90,
0x00000232291fea70, 0x00000232291fb580, 0x0000023228c99dd0, 0x0000023228c99430,
0x0000023228c95f40, 0x0000023228c96db0, 0x0000023228c9bab0, 0x0000023228c99900,
0x0000023228c96410, 0x00000232283773d0, 0x0000023228c9c920, 0x0000023228c950d0,
0x0000023228c968e0, 0x0000023228c95a70, 0x0000023228c97280, 0x0000023228c980f0,
0x0000023228c97c20, 0x0000023228c985c0, 0x0000023228c9b5e0, 0x0000023228c98a90,
0x0000023228c9b110, 0x0000023228c9bf80, 0x0000023228c9c450, 0x00000232289f9bc0,
0x00000232289f8d50, 0x00000232289ff730, 0x00000232289fd580, 0x0000023228a005a0,
0x00000232289fda50, 0x00000232289fb3d0, 0x00000232289fb8a0, 0x00000232289fc240,
0x00000232289fdf20, 0x0000023228a000d0, 0x00000232289f9220, 0x00000232289ff260,
0x00000232289fed90, 0x00000232289fbd70, 0x00000232289faf00, 0x00000232289ffc00,
0x00000232289fc710, 0x00000232289fe3f0, 0x00000232289fcbe0, 0x00000232289fa090,
0x00000232289f96f0, 0x00000232289fa560, 0x00000232289fd0b0, 0x00000232289fe8c0,
0x00000232289faa30, 0x0000023229e86720, 0x0000023229e86bf0, 0x0000023229e87590,
0x0000023229e8a0e0, 0x0000023229e89c10, 0x0000023229e8a5b0, 0x0000023229e888d0,
0x0000023229e8aa80, 0x0000023229e870c0, 0x0000023229e8cc30, 0x0000023229e89270,
0x0000023229e89740, 0x0000023229e87f30, 0x0000023229e8d100
}

Java Threads: ( => current thread )
  0x000002320b9cbbd0 JavaThread "main" [_thread_blocked, id=4756, stack(0x0000007423800000,0x0000007423900000)]
  0x0000023224f8dbc0 JavaThread "Reference Handler" daemon [_thread_blocked, id=6708, stack(0x0000007423f00000,0x0000007424000000)]
  0x0000023224f8e940 JavaThread "Finalizer" daemon [_thread_blocked, id=4676, stack(0x0000007424000000,0x0000007424100000)]
  0x0000023224fde6a0 JavaThread "Signal Dispatcher" daemon [_thread_blocked, id=3348, stack(0x0000007424100000,0x0000007424200000)]
  0x0000023225908270 JavaThread "Attach Listener" daemon [_thread_blocked, id=5588, stack(0x0000007424200000,0x0000007424300000)]
  0x000002322590b2e0 JavaThread "Service Thread" daemon [_thread_blocked, id=9904, stack(0x0000007424300000,0x0000007424400000)]
  0x000002322590c340 JavaThread "Monitor Deflation Thread" daemon [_thread_blocked, id=2256, stack(0x0000007424400000,0x0000007424500000)]
  0x0000023225911420 JavaThread "C2 CompilerThread0" daemon [_thread_in_native, id=9756, stack(0x0000007424500000,0x0000007424600000)]
  0x0000023225911dd0 JavaThread "C1 CompilerThread0" daemon [_thread_in_vm, id=11740, stack(0x0000007424600000,0x0000007424700000)]
  0x0000023225914e80 JavaThread "Sweeper thread" daemon [_thread_blocked, id=9252, stack(0x0000007424700000,0x0000007424800000)]
  0x0000023225aaf430 JavaThread "Common-Cleaner" daemon [_thread_blocked, id=6328, stack(0x0000007424800000,0x0000007424900000)]
  0x0000023225ab5d90 JavaThread "Notification Thread" daemon [_thread_blocked, id=5704, stack(0x0000007424900000,0x0000007424a00000)]
  0x000002322714ea00 JavaThread "Daemon health stats" [_thread_blocked, id=10032, stack(0x0000007424f00000,0x0000007425000000)]
  0x00000232291fc3f0 JavaThread "Incoming local TCP Connector on port 50766" [_thread_in_native, id=8752, stack(0x0000007424b00000,0x0000007424c00000)]
  0x00000232291fd260 JavaThread "Daemon periodic checks" [_thread_blocked, id=5528, stack(0x0000007425100000,0x0000007425200000)]
  0x00000232291fe0d0 JavaThread "Daemon" [_thread_blocked, id=8276, stack(0x0000007425200000,0x0000007425300000)]
  0x00000232291fbf20 JavaThread "Handler for socket connection from /127.0.0.1:50766 to /127.0.0.1:50767" [_thread_in_native, id=11324, stack(0x0000007425300000,0x0000007425400000)]
  0x00000232291fd730 JavaThread "Cancel handler" [_thread_blocked, id=3516, stack(0x0000007425400000,0x0000007425500000)]
  0x00000232291fdc00 JavaThread "Daemon worker" [_thread_blocked, id=3084, stack(0x0000007425500000,0x0000007425600000)]
  0x00000232291fc8c0 JavaThread "Asynchronous log dispatcher for DefaultDaemonConnection: socket connection from /127.0.0.1:50766 to /127.0.0.1:50767" [_thread_blocked, id=3132, stack(0x0000007425600000,0x0000007425700000)]
  0x00000232291fe5a0 JavaThread "Stdin handler" [_thread_blocked, id=9220, stack(0x0000007425700000,0x0000007425800000)]
  0x00000232291fba50 JavaThread "Daemon client event forwarder" [_thread_blocked, id=2840, stack(0x0000007425800000,0x0000007425900000)]
  0x00000232291fb0b0 JavaThread "Cache worker for journal cache (C:\Users\HungNguyen\.gradle\caches\journal-1)" [_thread_blocked, id=8656, stack(0x0000007425000000,0x0000007425100000)]
  0x00000232291fcd90 JavaThread "File lock request listener" [_thread_in_native, id=7516, stack(0x0000007425900000,0x0000007425a00000)]
  0x00000232291fea70 JavaThread "Cache worker for file hash cache (C:\Users\HungNguyen\.gradle\caches\8.0\fileHashes)" [_thread_blocked, id=3996, stack(0x0000007425a00000,0x0000007425b00000)]
  0x00000232291fb580 JavaThread "File watcher server" daemon [_thread_in_native, id=4300, stack(0x0000007425c00000,0x0000007425d00000)]
  0x0000023228c99dd0 JavaThread "File watcher consumer" daemon [_thread_blocked, id=7576, stack(0x0000007425d00000,0x0000007425e00000)]
  0x0000023228c99430 JavaThread "Cache worker for checksums cache (D:\Projects\WebApp\Front-end-processing-and-perception\.gradle\8.0\checksums)" [_thread_blocked, id=10820, stack(0x0000007425e00000,0x0000007425f00000)]
  0x0000023228c95f40 JavaThread "Cache worker for cache directory md-rule (C:\Users\HungNguyen\.gradle\caches\8.0\md-rule)" [_thread_blocked, id=1064, stack(0x0000007425f00000,0x0000007426000000)]
  0x0000023228c96db0 JavaThread "Cache worker for file content cache (C:\Users\HungNguyen\.gradle\caches\8.0\fileContent)" [_thread_blocked, id=10816, stack(0x0000007426000000,0x0000007426100000)]
  0x0000023228c9bab0 JavaThread "Cache worker for file hash cache (D:\Projects\WebApp\Front-end-processing-and-perception\.gradle\8.0\fileHashes)" [_thread_blocked, id=832, stack(0x0000007426100000,0x0000007426200000)]
  0x0000023228c99900 JavaThread "Cache worker for cache directory md-supplier (C:\Users\HungNguyen\.gradle\caches\8.0\md-supplier)" [_thread_blocked, id=11992, stack(0x0000007426200000,0x0000007426300000)]
  0x0000023228c96410 JavaThread "Cache worker for execution history cache (C:\Users\HungNguyen\.gradle\caches\8.0\executionHistory)" [_thread_blocked, id=6100, stack(0x0000007426300000,0x0000007426400000)]
=>0x00000232283773d0 JavaThread "C2 CompilerThread1" daemon [_thread_in_native, id=6560, stack(0x0000007425b00000,0x0000007425c00000)]
  0x0000023228c9c920 JavaThread "jar transforms" [_thread_blocked, id=11988, stack(0x0000007426400000,0x0000007426500000)]
  0x0000023228c950d0 JavaThread "jar transforms Thread 2" [_thread_blocked, id=10008, stack(0x0000007426500000,0x0000007426600000)]
  0x0000023228c968e0 JavaThread "jar transforms Thread 3" [_thread_blocked, id=644, stack(0x0000007426600000,0x0000007426700000)]
  0x0000023228c95a70 JavaThread "jar transforms Thread 4" [_thread_blocked, id=11448, stack(0x0000007426700000,0x0000007426800000)]
  0x0000023228c97280 JavaThread "Cache worker for dependencies-accessors (D:\Projects\WebApp\Front-end-processing-and-perception\.gradle\8.0\dependencies-accessors)" [_thread_blocked, id=11660, stack(0x0000007426800000,0x0000007426900000)]
  0x0000023228c980f0 JavaThread "Cache worker for Build Output Cleanup Cache (D:\Projects\WebApp\Front-end-processing-and-perception\.gradle\buildOutputCleanup)" [_thread_blocked, id=6024, stack(0x0000007426900000,0x0000007426a00000)]
  0x0000023228c97c20 JavaThread "Unconstrained build operations" [_thread_blocked, id=3644, stack(0x0000007426a00000,0x0000007426b00000)]
  0x0000023228c985c0 JavaThread "Unconstrained build operations Thread 2" [_thread_blocked, id=8812, stack(0x0000007426b00000,0x0000007426c00000)]
  0x0000023228c9b5e0 JavaThread "Unconstrained build operations Thread 3" [_thread_blocked, id=988, stack(0x0000007426c00000,0x0000007426d00000)]
  0x0000023228c98a90 JavaThread "Unconstrained build operations Thread 4" [_thread_blocked, id=896, stack(0x0000007426d00000,0x0000007426e00000)]
  0x0000023228c9b110 JavaThread "Unconstrained build operations Thread 5" [_thread_blocked, id=3700, stack(0x0000007426e00000,0x0000007426f00000)]
  0x0000023228c9bf80 JavaThread "Unconstrained build operations Thread 6" [_thread_blocked, id=6404, stack(0x0000007426f00000,0x0000007427000000)]
  0x0000023228c9c450 JavaThread "Unconstrained build operations Thread 7" [_thread_blocked, id=8864, stack(0x0000007427000000,0x0000007427100000)]
  0x00000232289f9bc0 JavaThread "Unconstrained build operations Thread 8" [_thread_blocked, id=10044, stack(0x0000007427100000,0x0000007427200000)]
  0x00000232289f8d50 JavaThread "Unconstrained build operations Thread 9" [_thread_blocked, id=3492, stack(0x0000007427200000,0x0000007427300000)]
  0x00000232289ff730 JavaThread "Unconstrained build operations Thread 10" [_thread_blocked, id=10708, stack(0x0000007427300000,0x0000007427400000)]
  0x00000232289fd580 JavaThread "Unconstrained build operations Thread 11" [_thread_blocked, id=6948, stack(0x0000007427400000,0x0000007427500000)]
  0x0000023228a005a0 JavaThread "Unconstrained build operations Thread 12" [_thread_blocked, id=2528, stack(0x0000007427500000,0x0000007427600000)]
  0x00000232289fda50 JavaThread "Unconstrained build operations Thread 13" [_thread_blocked, id=6132, stack(0x0000007427600000,0x0000007427700000)]
  0x00000232289fb3d0 JavaThread "Unconstrained build operations Thread 14" [_thread_blocked, id=11724, stack(0x0000007427700000,0x0000007427800000)]
  0x00000232289fb8a0 JavaThread "Unconstrained build operations Thread 15" [_thread_blocked, id=2656, stack(0x0000007427800000,0x0000007427900000)]
  0x00000232289fc240 JavaThread "Unconstrained build operations Thread 16" [_thread_blocked, id=2124, stack(0x0000007427900000,0x0000007427a00000)]
  0x00000232289fdf20 JavaThread "Unconstrained build operations Thread 17" [_thread_blocked, id=5960, stack(0x0000007427a00000,0x0000007427b00000)]
  0x0000023228a000d0 JavaThread "Unconstrained build operations Thread 18" [_thread_blocked, id=11380, stack(0x0000007427b00000,0x0000007427c00000)]
  0x00000232289f9220 JavaThread "Unconstrained build operations Thread 19" [_thread_blocked, id=8060, stack(0x0000007427c00000,0x0000007427d00000)]
  0x00000232289ff260 JavaThread "Unconstrained build operations Thread 20" [_thread_blocked, id=5260, stack(0x0000007427d00000,0x0000007427e00000)]
  0x00000232289fed90 JavaThread "Unconstrained build operations Thread 21" [_thread_blocked, id=4604, stack(0x0000007427e00000,0x0000007427f00000)]
  0x00000232289fbd70 JavaThread "Unconstrained build operations Thread 22" [_thread_blocked, id=5728, stack(0x0000007427f00000,0x0000007428000000)]
  0x00000232289faf00 JavaThread "Unconstrained build operations Thread 23" [_thread_blocked, id=3536, stack(0x0000007428000000,0x0000007428100000)]
  0x00000232289ffc00 JavaThread "Unconstrained build operations Thread 24" [_thread_blocked, id=2424, stack(0x0000007428100000,0x0000007428200000)]
  0x00000232289fc710 JavaThread "Unconstrained build operations Thread 25" [_thread_blocked, id=12096, stack(0x0000007428200000,0x0000007428300000)]
  0x00000232289fe3f0 JavaThread "Unconstrained build operations Thread 26" [_thread_blocked, id=7392, stack(0x0000007428300000,0x0000007428400000)]
  0x00000232289fcbe0 JavaThread "Unconstrained build operations Thread 27" [_thread_blocked, id=9736, stack(0x0000007428400000,0x0000007428500000)]
  0x00000232289fa090 JavaThread "Unconstrained build operations Thread 28" [_thread_blocked, id=5788, stack(0x0000007428500000,0x0000007428600000)]
  0x00000232289f96f0 JavaThread "Unconstrained build operations Thread 29" [_thread_blocked, id=8676, stack(0x0000007428600000,0x0000007428700000)]
  0x00000232289fa560 JavaThread "Unconstrained build operations Thread 30" [_thread_blocked, id=6896, stack(0x0000007428700000,0x0000007428800000)]
  0x00000232289fd0b0 JavaThread "Unconstrained build operations Thread 31" [_thread_blocked, id=10324, stack(0x0000007428800000,0x0000007428900000)]
  0x00000232289fe8c0 JavaThread "Unconstrained build operations Thread 32" [_thread_blocked, id=10892, stack(0x0000007428900000,0x0000007428a00000)]
  0x00000232289faa30 JavaThread "Unconstrained build operations Thread 33" [_thread_blocked, id=7440, stack(0x0000007428a00000,0x0000007428b00000)]
  0x0000023229e86720 JavaThread "Unconstrained build operations Thread 34" [_thread_blocked, id=4204, stack(0x0000007428b00000,0x0000007428c00000)]
  0x0000023229e86bf0 JavaThread "Unconstrained build operations Thread 35" [_thread_blocked, id=5356, stack(0x0000007428c00000,0x0000007428d00000)]
  0x0000023229e87590 JavaThread "Unconstrained build operations Thread 36" [_thread_blocked, id=2752, stack(0x0000007428d00000,0x0000007428e00000)]
  0x0000023229e8a0e0 JavaThread "Unconstrained build operations Thread 37" [_thread_blocked, id=2272, stack(0x0000007428e00000,0x0000007428f00000)]
  0x0000023229e89c10 JavaThread "Unconstrained build operations Thread 38" [_thread_blocked, id=7816, stack(0x0000007428f00000,0x0000007429000000)]
  0x0000023229e8a5b0 JavaThread "Unconstrained build operations Thread 39" [_thread_blocked, id=5692, stack(0x0000007429000000,0x0000007429100000)]
  0x0000023229e888d0 JavaThread "Unconstrained build operations Thread 40" [_thread_blocked, id=9152, stack(0x0000007429100000,0x0000007429200000)]
  0x0000023229e8aa80 JavaThread "build event listener" [_thread_blocked, id=1936, stack(0x0000007429200000,0x0000007429300000)]
  0x0000023229e870c0 JavaThread "Memory manager" [_thread_blocked, id=4072, stack(0x0000007429300000,0x0000007429400000)]
  0x0000023229e8cc30 JavaThread "included builds" [_thread_in_Java, id=10304, stack(0x0000007429400000,0x0000007429500000)]
  0x0000023229e89270 JavaThread "Execution worker" [_thread_blocked, id=7076, stack(0x0000007429500000,0x0000007429600000)]
  0x0000023229e89740 JavaThread "Execution worker Thread 2" [_thread_blocked, id=11248, stack(0x0000007429600000,0x0000007429700000)]
  0x0000023229e87f30 JavaThread "Execution worker Thread 3" [_thread_blocked, id=8256, stack(0x0000007429700000,0x0000007429800000)]
  0x0000023229e8d100 JavaThread "Cache worker for execution history cache (D:\Projects\WebApp\Front-end-processing-and-perception\.gradle\8.0\executionHistory)" [_thread_blocked, id=1164, stack(0x0000007429800000,0x0000007429900000)]

Other Threads:
  0x0000023224f898f0 VMThread "VM Thread" [stack: 0x0000007423e00000,0x0000007423f00000] [id=2112]
  0x000002322596f860 WatcherThread [stack: 0x0000007424a00000,0x0000007424b00000] [id=10512]
  0x000002320ba29110 GCTaskThread "GC Thread#0" [stack: 0x0000007423900000,0x0000007423a00000] [id=4956]
  0x00000232264d80c0 GCTaskThread "GC Thread#1" [stack: 0x0000007424c00000,0x0000007424d00000] [id=4668]
  0x0000023225cfeaa0 GCTaskThread "GC Thread#2" [stack: 0x0000007424d00000,0x0000007424e00000] [id=8952]
  0x00000232268e4030 GCTaskThread "GC Thread#3" [stack: 0x0000007424e00000,0x0000007424f00000] [id=8392]
  0x000002320ba39f60 ConcurrentGCThread "G1 Main Marker" [stack: 0x0000007423a00000,0x0000007423b00000] [id=5780]
  0x000002320ba3b020 ConcurrentGCThread "G1 Conc#0" [stack: 0x0000007423b00000,0x0000007423c00000] [id=11772]
  0x000002320ba9df20 ConcurrentGCThread "G1 Refine#0" [stack: 0x0000007423c00000,0x0000007423d00000] [id=5564]
  0x000002320ba9e850 ConcurrentGCThread "G1 Service" [stack: 0x0000007423d00000,0x0000007423e00000] [id=3684]

Threads with active compile tasks:
C2 CompilerThread0    24106 11733       4       org.gradle.api.internal.artifacts.ivyservice.resolveengine.artifact.ParallelResolveArtifactSet$VisitingSet$StartVisitAction::visitArtifacts (31 bytes)
C2 CompilerThread1    24106 11737   !   4       org.gradle.api.internal.artifacts.transform.TransformingAsyncArtifactListener$TransformedArtifact::finalizeValue (168 bytes)

VM state: not at safepoint (normal execution)

VM Mutex/Monitor currently owned by a thread: None

Heap address: 0x0000000080000000, size: 2048 MB, Compressed Oops mode: 32-bit

CDS archive(s) not mapped
Compressed class space mapped at: 0x0000000100000000-0x0000000140000000, reserved size: 1073741824
Narrow klass base: 0x0000000000000000, Narrow klass shift: 3, Narrow klass range: 0x140000000

GC Precious Log:
 CPUs: 4 total, 4 available
 Memory: 8053M
 Large Page Support: Disabled
 NUMA Support: Disabled
 Compressed Oops: Enabled (32-bit)
 Heap Region Size: 1M
 Heap Min Capacity: 8M
 Heap Initial Capacity: 126M
 Heap Max Capacity: 2G
 Pre-touch: Disabled
 Parallel Workers: 4
 Concurrent Workers: 1
 Concurrent Refinement Workers: 4
 Periodic GC: Disabled

Heap:
 garbage-first heap   total 335872K, used 184939K [0x0000000080000000, 0x0000000100000000)
  region size 1024K, 96 young (98304K), 4 survivors (4096K)
 Metaspace       used 86529K, committed 87232K, reserved 1130496K
  class space    used 11825K, committed 12160K, reserved 1048576K

Heap Regions: E=young(eden), S=young(survivor), O=old, HS=humongous(starts), HC=humongous(continues), CS=collection set, F=free, OA=open archive, CA=closed archive, TAMS=top-at-mark-start (previous, next)
|   0|0x0000000080000000, 0x0000000080100000, 0x0000000080100000|100%| O|  |TAMS 0x0000000080100000, 0x0000000080000000| Untracked 
|   1|0x0000000080100000, 0x0000000080200000, 0x0000000080200000|100%| O|  |TAMS 0x0000000080200000, 0x0000000080100000| Untracked 
|   2|0x0000000080200000, 0x0000000080300000, 0x0000000080300000|100%|HS|  |TAMS 0x0000000080300000, 0x0000000080200000| Complete 
|   3|0x0000000080300000, 0x0000000080400000, 0x0000000080400000|100%|HC|  |TAMS 0x0000000080400000, 0x0000000080300000| Complete 
|   4|0x0000000080400000, 0x0000000080500000, 0x0000000080500000|100%|HC|  |TAMS 0x0000000080500000, 0x0000000080400000| Complete 
|   5|0x0000000080500000, 0x0000000080600000, 0x0000000080600000|100%|HC|  |TAMS 0x0000000080600000, 0x0000000080500000| Complete 
|   6|0x0000000080600000, 0x0000000080700000, 0x0000000080700000|100%| O|  |TAMS 0x0000000080700000, 0x0000000080600000| Untracked 
|   7|0x0000000080700000, 0x0000000080800000, 0x0000000080800000|100%| O|  |TAMS 0x0000000080800000, 0x0000000080700000| Untracked 
|   8|0x0000000080800000, 0x0000000080900000, 0x0000000080900000|100%| O|  |TAMS 0x0000000080900000, 0x0000000080800000| Untracked 
|   9|0x0000000080900000, 0x0000000080a00000, 0x0000000080a00000|100%| O|  |TAMS 0x0000000080a00000, 0x0000000080900000| Untracked 
|  10|0x0000000080a00000, 0x0000000080b00000, 0x0000000080b00000|100%| O|  |TAMS 0x0000000080b00000, 0x0000000080a00000| Untracked 
|  11|0x0000000080b00000, 0x0000000080c00000, 0x0000000080c00000|100%| O|  |TAMS 0x0000000080c00000, 0x0000000080b00000| Untracked 
|  12|0x0000000080c00000, 0x0000000080d00000, 0x0000000080d00000|100%| O|  |TAMS 0x0000000080d00000, 0x0000000080c00000| Untracked 
|  13|0x0000000080d00000, 0x0000000080e00000, 0x0000000080e00000|100%| O|  |TAMS 0x0000000080e00000, 0x0000000080d00000| Untracked 
|  14|0x0000000080e00000, 0x0000000080f00000, 0x0000000080f00000|100%| O|  |TAMS 0x0000000080f00000, 0x0000000080e00000| Untracked 
|  15|0x0000000080f00000, 0x0000000081000000, 0x0000000081000000|100%| O|  |TAMS 0x0000000081000000, 0x0000000080f00000| Untracked 
|  16|0x0000000081000000, 0x0000000081100000, 0x0000000081100000|100%| O|  |TAMS 0x0000000081100000, 0x0000000081000000| Untracked 
|  17|0x0000000081100000, 0x0000000081200000, 0x0000000081200000|100%| O|  |TAMS 0x0000000081200000, 0x0000000081100000| Untracked 
|  18|0x0000000081200000, 0x0000000081300000, 0x0000000081300000|100%| O|  |TAMS 0x0000000081300000, 0x0000000081200000| Untracked 
|  19|0x0000000081300000, 0x0000000081400000, 0x0000000081400000|100%| O|  |TAMS 0x0000000081400000, 0x0000000081300000| Untracked 
|  20|0x0000000081400000, 0x0000000081500000, 0x0000000081500000|100%| O|  |TAMS 0x0000000081500000, 0x0000000081400000| Untracked 
|  21|0x0000000081500000, 0x0000000081600000, 0x0000000081600000|100%| O|  |TAMS 0x0000000081600000, 0x0000000081500000| Untracked 
|  22|0x0000000081600000, 0x0000000081700000, 0x0000000081700000|100%| O|  |TAMS 0x0000000081700000, 0x0000000081600000| Untracked 
|  23|0x0000000081700000, 0x0000000081800000, 0x0000000081800000|100%| O|  |TAMS 0x0000000081800000, 0x0000000081700000| Untracked 
|  24|0x0000000081800000, 0x0000000081900000, 0x0000000081900000|100%| O|  |TAMS 0x0000000081900000, 0x0000000081800000| Untracked 
|  25|0x0000000081900000, 0x0000000081a00000, 0x0000000081a00000|100%| O|  |TAMS 0x0000000081a00000, 0x0000000081900000| Untracked 
|  26|0x0000000081a00000, 0x0000000081b00000, 0x0000000081b00000|100%| O|  |TAMS 0x0000000081b00000, 0x0000000081a00000| Untracked 
|  27|0x0000000081b00000, 0x0000000081c00000, 0x0000000081c00000|100%| O|  |TAMS 0x0000000081c00000, 0x0000000081b00000| Untracked 
|  28|0x0000000081c00000, 0x0000000081d00000, 0x0000000081d00000|100%| O|  |TAMS 0x0000000081d00000, 0x0000000081c00000| Untracked 
|  29|0x0000000081d00000, 0x0000000081e00000, 0x0000000081e00000|100%| O|  |TAMS 0x0000000081e00000, 0x0000000081d00000| Untracked 
|  30|0x0000000081e00000, 0x0000000081f00000, 0x0000000081f00000|100%| O|  |TAMS 0x0000000081f00000, 0x0000000081e00000| Untracked 
|  31|0x0000000081f00000, 0x0000000082000000, 0x0000000082000000|100%| O|  |TAMS 0x0000000082000000, 0x0000000081f00000| Untracked 
|  32|0x0000000082000000, 0x0000000082100000, 0x0000000082100000|100%| O|  |TAMS 0x0000000082100000, 0x0000000082000000| Untracked 
|  33|0x0000000082100000, 0x0000000082200000, 0x0000000082200000|100%|HS|  |TAMS 0x0000000082200000, 0x0000000082100000| Complete 
|  34|0x0000000082200000, 0x0000000082300000, 0x0000000082300000|100%|HS|  |TAMS 0x0000000082300000, 0x0000000082200000| Complete 
|  35|0x0000000082300000, 0x0000000082400000, 0x0000000082400000|100%| O|  |TAMS 0x0000000082400000, 0x0000000082300000| Untracked 
|  36|0x0000000082400000, 0x0000000082500000, 0x0000000082500000|100%| O|  |TAMS 0x0000000082500000, 0x0000000082400000| Untracked 
|  37|0x0000000082500000, 0x0000000082600000, 0x0000000082600000|100%| O|  |TAMS 0x0000000082600000, 0x0000000082500000| Untracked 
|  38|0x0000000082600000, 0x0000000082700000, 0x0000000082700000|100%| O|  |TAMS 0x0000000082700000, 0x0000000082600000| Untracked 
|  39|0x0000000082700000, 0x0000000082800000, 0x0000000082800000|100%| O|  |TAMS 0x0000000082800000, 0x0000000082700000| Untracked 
|  40|0x0000000082800000, 0x0000000082900000, 0x0000000082900000|100%| O|  |TAMS 0x0000000082900000, 0x0000000082800000| Untracked 
|  41|0x0000000082900000, 0x0000000082a00000, 0x0000000082a00000|100%| O|  |TAMS 0x0000000082a00000, 0x0000000082900000| Untracked 
|  42|0x0000000082a00000, 0x0000000082b00000, 0x0000000082b00000|100%| O|  |TAMS 0x0000000082b00000, 0x0000000082a00000| Complete 
|  43|0x0000000082b00000, 0x0000000082c00000, 0x0000000082c00000|100%| O|  |TAMS 0x0000000082c00000, 0x0000000082b00000| Untracked 
|  44|0x0000000082c00000, 0x0000000082d00000, 0x0000000082d00000|100%| O|  |TAMS 0x0000000082d00000, 0x0000000082c00000| Untracked 
|  45|0x0000000082d00000, 0x0000000082e00000, 0x0000000082e00000|100%| O|  |TAMS 0x0000000082e00000, 0x0000000082d00000| Untracked 
|  46|0x0000000082e00000, 0x0000000082f00000, 0x0000000082f00000|100%| O|  |TAMS 0x0000000082f00000, 0x0000000082e00000| Untracked 
|  47|0x0000000082f00000, 0x0000000083000000, 0x0000000083000000|100%| O|  |TAMS 0x0000000083000000, 0x0000000082f00000| Untracked 
|  48|0x0000000083000000, 0x0000000083100000, 0x0000000083100000|100%| O|  |TAMS 0x0000000083100000, 0x0000000083000000| Untracked 
|  49|0x0000000083100000, 0x0000000083200000, 0x0000000083200000|100%| O|  |TAMS 0x0000000083200000, 0x0000000083100000| Untracked 
|  50|0x0000000083200000, 0x0000000083300000, 0x0000000083300000|100%| O|  |TAMS 0x0000000083300000, 0x0000000083200000| Untracked 
|  51|0x0000000083300000, 0x0000000083400000, 0x0000000083400000|100%| O|  |TAMS 0x0000000083400000, 0x0000000083300000| Untracked 
|  52|0x0000000083400000, 0x0000000083500000, 0x0000000083500000|100%| O|  |TAMS 0x0000000083500000, 0x0000000083400000| Untracked 
|  53|0x0000000083500000, 0x0000000083600000, 0x0000000083600000|100%| O|  |TAMS 0x0000000083600000, 0x0000000083500000| Untracked 
|  54|0x0000000083600000, 0x0000000083700000, 0x0000000083700000|100%| O|  |TAMS 0x0000000083700000, 0x0000000083600000| Untracked 
|  55|0x0000000083700000, 0x0000000083800000, 0x0000000083800000|100%| O|  |TAMS 0x0000000083800000, 0x0000000083700000| Untracked 
|  56|0x0000000083800000, 0x0000000083900000, 0x0000000083900000|100%| O|  |TAMS 0x0000000083900000, 0x0000000083800000| Untracked 
|  57|0x0000000083900000, 0x0000000083a00000, 0x0000000083a00000|100%| O|  |TAMS 0x0000000083a00000, 0x0000000083900000| Untracked 
|  58|0x0000000083a00000, 0x0000000083b00000, 0x0000000083b00000|100%| O|  |TAMS 0x0000000083b00000, 0x0000000083a00000| Untracked 
|  59|0x0000000083b00000, 0x0000000083c00000, 0x0000000083c00000|100%| O|  |TAMS 0x0000000083c00000, 0x0000000083b00000| Untracked 
|  60|0x0000000083c00000, 0x0000000083d00000, 0x0000000083d00000|100%| O|  |TAMS 0x0000000083d00000, 0x0000000083c00000| Untracked 
|  61|0x0000000083d00000, 0x0000000083e00000, 0x0000000083e00000|100%| O|  |TAMS 0x0000000083e00000, 0x0000000083d00000| Untracked 
|  62|0x0000000083e00000, 0x0000000083f00000, 0x0000000083f00000|100%| O|  |TAMS 0x0000000083f00000, 0x0000000083e00000| Untracked 
|  63|0x0000000083f00000, 0x0000000084000000, 0x0000000084000000|100%| O|  |TAMS 0x0000000084000000, 0x0000000083f00000| Untracked 
|  64|0x0000000084000000, 0x0000000084100000, 0x0000000084100000|100%| O|  |TAMS 0x0000000084100000, 0x0000000084000000| Untracked 
|  65|0x0000000084100000, 0x0000000084200000, 0x0000000084200000|100%| O|  |TAMS 0x0000000084200000, 0x0000000084100000| Untracked 
|  66|0x0000000084200000, 0x0000000084200000, 0x0000000084300000|  0%| F|  |TAMS 0x0000000084200000, 0x0000000084200000| Untracked 
|  67|0x0000000084300000, 0x0000000084400000, 0x0000000084400000|100%| O|  |TAMS 0x0000000084400000, 0x0000000084300000| Untracked 
|  68|0x0000000084400000, 0x0000000084500000, 0x0000000084500000|100%| O|  |TAMS 0x0000000084500000, 0x0000000084400000| Untracked 
|  69|0x0000000084500000, 0x0000000084600000, 0x0000000084600000|100%| O|  |TAMS 0x0000000084600000, 0x0000000084500000| Untracked 
|  70|0x0000000084600000, 0x0000000084700000, 0x0000000084700000|100%| O|  |TAMS 0x0000000084700000, 0x0000000084600000| Untracked 
|  71|0x0000000084700000, 0x0000000084800000, 0x0000000084800000|100%| O|  |TAMS 0x0000000084800000, 0x0000000084700000| Untracked 
|  72|0x0000000084800000, 0x0000000084900000, 0x0000000084900000|100%| O|  |TAMS 0x0000000084900000, 0x0000000084800000| Untracked 
|  73|0x0000000084900000, 0x0000000084a00000, 0x0000000084a00000|100%| O|  |TAMS 0x0000000084a00000, 0x0000000084900000| Untracked 
|  74|0x0000000084a00000, 0x0000000084b00000, 0x0000000084b00000|100%| O|  |TAMS 0x0000000084b00000, 0x0000000084a00000| Untracked 
|  75|0x0000000084b00000, 0x0000000084c00000, 0x0000000084c00000|100%| O|  |TAMS 0x0000000084c00000, 0x0000000084b00000| Untracked 
|  76|0x0000000084c00000, 0x0000000084d00000, 0x0000000084d00000|100%| O|  |TAMS 0x0000000084d00000, 0x0000000084c00000| Untracked 
|  77|0x0000000084d00000, 0x0000000084e00000, 0x0000000084e00000|100%| O|  |TAMS 0x0000000084e00000, 0x0000000084d00000| Untracked 
|  78|0x0000000084e00000, 0x0000000084f00000, 0x0000000084f00000|100%| O|  |TAMS 0x0000000084f00000, 0x0000000084e00000| Untracked 
|  79|0x0000000084f00000, 0x0000000085000000, 0x0000000085000000|100%| O|  |TAMS 0x0000000085000000, 0x0000000084f00000| Untracked 
|  80|0x0000000085000000, 0x0000000085100000, 0x0000000085100000|100%| O|  |TAMS 0x0000000085100000, 0x0000000085000000| Untracked 
|  81|0x0000000085100000, 0x0000000085200000, 0x0000000085200000|100%| O|  |TAMS 0x0000000085200000, 0x0000000085100000| Untracked 
|  82|0x0000000085200000, 0x0000000085300000, 0x0000000085300000|100%| O|  |TAMS 0x0000000085300000, 0x0000000085200000| Untracked 
|  83|0x0000000085300000, 0x0000000085400000, 0x0000000085400000|100%| O|  |TAMS 0x0000000085400000, 0x0000000085300000| Untracked 
|  84|0x0000000085400000, 0x0000000085500000, 0x0000000085500000|100%| O|  |TAMS 0x0000000085500000, 0x0000000085400000| Untracked 
|  85|0x0000000085500000, 0x0000000085600000, 0x0000000085600000|100%| O|  |TAMS 0x0000000085600000, 0x0000000085500000| Untracked 
|  86|0x0000000085600000, 0x0000000085700000, 0x0000000085700000|100%| O|  |TAMS 0x0000000085700000, 0x0000000085600000| Untracked 
|  87|0x0000000085700000, 0x0000000085800000, 0x0000000085800000|100%| O|  |TAMS 0x0000000085800000, 0x0000000085700000| Untracked 
|  88|0x0000000085800000, 0x000000008582f000, 0x0000000085900000| 18%| O|  |TAMS 0x000000008582f000, 0x0000000085800000| Untracked 
|  89|0x0000000085900000, 0x0000000085900000, 0x0000000085a00000|  0%| F|  |TAMS 0x0000000085900000, 0x0000000085900000| Untracked 
|  90|0x0000000085a00000, 0x0000000085a00000, 0x0000000085b00000|  0%| F|  |TAMS 0x0000000085a00000, 0x0000000085a00000| Untracked 
|  91|0x0000000085b00000, 0x0000000085b00000, 0x0000000085c00000|  0%| F|  |TAMS 0x0000000085b00000, 0x0000000085b00000| Untracked 
|  92|0x0000000085c00000, 0x0000000085c00000, 0x0000000085d00000|  0%| F|  |TAMS 0x0000000085c00000, 0x0000000085c00000| Untracked 
|  93|0x0000000085d00000, 0x0000000085d00000, 0x0000000085e00000|  0%| F|  |TAMS 0x0000000085d00000, 0x0000000085d00000| Untracked 
|  94|0x0000000085e00000, 0x0000000085e00000, 0x0000000085f00000|  0%| F|  |TAMS 0x0000000085e00000, 0x0000000085e00000| Untracked 
|  95|0x0000000085f00000, 0x0000000085f00000, 0x0000000086000000|  0%| F|  |TAMS 0x0000000085f00000, 0x0000000085f00000| Untracked 
|  96|0x0000000086000000, 0x0000000086000000, 0x0000000086100000|  0%| F|  |TAMS 0x0000000086000000, 0x0000000086000000| Untracked 
|  97|0x0000000086100000, 0x0000000086100000, 0x0000000086200000|  0%| F|  |TAMS 0x0000000086100000, 0x0000000086100000| Untracked 
|  98|0x0000000086200000, 0x0000000086200000, 0x0000000086300000|  0%| F|  |TAMS 0x0000000086200000, 0x0000000086200000| Untracked 
|  99|0x0000000086300000, 0x0000000086300000, 0x0000000086400000|  0%| F|  |TAMS 0x0000000086300000, 0x0000000086300000| Untracked 
| 100|0x0000000086400000, 0x0000000086400000, 0x0000000086500000|  0%| F|  |TAMS 0x0000000086400000, 0x0000000086400000| Untracked 
| 101|0x0000000086500000, 0x0000000086500000, 0x0000000086600000|  0%| F|  |TAMS 0x0000000086500000, 0x0000000086500000| Untracked 
| 102|0x0000000086600000, 0x0000000086600000, 0x0000000086700000|  0%| F|  |TAMS 0x0000000086600000, 0x0000000086600000| Untracked 
| 103|0x0000000086700000, 0x0000000086700000, 0x0000000086800000|  0%| F|  |TAMS 0x0000000086700000, 0x0000000086700000| Untracked 
| 104|0x0000000086800000, 0x0000000086800000, 0x0000000086900000|  0%| F|  |TAMS 0x0000000086800000, 0x0000000086800000| Untracked 
| 105|0x0000000086900000, 0x0000000086900000, 0x0000000086a00000|  0%| F|  |TAMS 0x0000000086900000, 0x0000000086900000| Untracked 
| 106|0x0000000086a00000, 0x0000000086a00000, 0x0000000086b00000|  0%| F|  |TAMS 0x0000000086a00000, 0x0000000086a00000| Untracked 
| 107|0x0000000086b00000, 0x0000000086b00000, 0x0000000086c00000|  0%| F|  |TAMS 0x0000000086b00000, 0x0000000086b00000| Untracked 
| 108|0x0000000086c00000, 0x0000000086c00000, 0x0000000086d00000|  0%| F|  |TAMS 0x0000000086c00000, 0x0000000086c00000| Untracked 
| 109|0x0000000086d00000, 0x0000000086d00000, 0x0000000086e00000|  0%| F|  |TAMS 0x0000000086d00000, 0x0000000086d00000| Untracked 
| 110|0x0000000086e00000, 0x0000000086e00000, 0x0000000086f00000|  0%| F|  |TAMS 0x0000000086e00000, 0x0000000086e00000| Untracked 
| 111|0x0000000086f00000, 0x0000000086f00000, 0x0000000087000000|  0%| F|  |TAMS 0x0000000086f00000, 0x0000000086f00000| Untracked 
| 112|0x0000000087000000, 0x0000000087000000, 0x0000000087100000|  0%| F|  |TAMS 0x0000000087000000, 0x0000000087000000| Untracked 
| 113|0x0000000087100000, 0x000000008716bd30, 0x0000000087200000| 42%| S|CS|TAMS 0x0000000087100000, 0x0000000087100000| Complete 
| 114|0x0000000087200000, 0x0000000087300000, 0x0000000087300000|100%| S|CS|TAMS 0x0000000087200000, 0x0000000087200000| Complete 
| 115|0x0000000087300000, 0x0000000087400000, 0x0000000087400000|100%| S|CS|TAMS 0x0000000087300000, 0x0000000087300000| Complete 
| 116|0x0000000087400000, 0x0000000087500000, 0x0000000087500000|100%| S|CS|TAMS 0x0000000087400000, 0x0000000087400000| Complete 
| 117|0x0000000087500000, 0x0000000087500000, 0x0000000087600000|  0%| F|  |TAMS 0x0000000087500000, 0x0000000087500000| Untracked 
| 118|0x0000000087600000, 0x0000000087600000, 0x0000000087700000|  0%| F|  |TAMS 0x0000000087600000, 0x0000000087600000| Untracked 
| 119|0x0000000087700000, 0x0000000087700000, 0x0000000087800000|  0%| F|  |TAMS 0x0000000087700000, 0x0000000087700000| Untracked 
| 120|0x0000000087800000, 0x0000000087800000, 0x0000000087900000|  0%| F|  |TAMS 0x0000000087800000, 0x0000000087800000| Untracked 
| 121|0x0000000087900000, 0x0000000087900000, 0x0000000087a00000|  0%| F|  |TAMS 0x0000000087900000, 0x0000000087900000| Untracked 
| 122|0x0000000087a00000, 0x0000000087a00000, 0x0000000087b00000|  0%| F|  |TAMS 0x0000000087a00000, 0x0000000087a00000| Untracked 
| 123|0x0000000087b00000, 0x0000000087b00000, 0x0000000087c00000|  0%| F|  |TAMS 0x0000000087b00000, 0x0000000087b00000| Untracked 
| 124|0x0000000087c00000, 0x0000000087c00000, 0x0000000087d00000|  0%| F|  |TAMS 0x0000000087c00000, 0x0000000087c00000| Untracked 
| 125|0x0000000087d00000, 0x0000000087d00000, 0x0000000087e00000|  0%| F|  |TAMS 0x0000000087d00000, 0x0000000087d00000| Untracked 
| 126|0x0000000087e00000, 0x0000000087e00000, 0x0000000087f00000|  0%| F|  |TAMS 0x0000000087e00000, 0x0000000087e00000| Untracked 
| 127|0x0000000087f00000, 0x0000000087f00000, 0x0000000088000000|  0%| F|  |TAMS 0x0000000087f00000, 0x0000000087f00000| Untracked 
| 128|0x0000000088000000, 0x0000000088000000, 0x0000000088100000|  0%| F|  |TAMS 0x0000000088000000, 0x0000000088000000| Untracked 
| 129|0x0000000088100000, 0x0000000088100000, 0x0000000088200000|  0%| F|  |TAMS 0x0000000088100000, 0x0000000088100000| Untracked 
| 130|0x0000000088200000, 0x0000000088200000, 0x0000000088300000|  0%| F|  |TAMS 0x0000000088200000, 0x0000000088200000| Untracked 
| 131|0x0000000088300000, 0x0000000088300000, 0x0000000088400000|  0%| F|  |TAMS 0x0000000088300000, 0x0000000088300000| Untracked 
| 132|0x0000000088400000, 0x0000000088400000, 0x0000000088500000|  0%| F|  |TAMS 0x0000000088400000, 0x0000000088400000| Untracked 
| 133|0x0000000088500000, 0x0000000088500000, 0x0000000088600000|  0%| F|  |TAMS 0x0000000088500000, 0x0000000088500000| Untracked 
| 134|0x0000000088600000, 0x0000000088600000, 0x0000000088700000|  0%| F|  |TAMS 0x0000000088600000, 0x0000000088600000| Untracked 
| 135|0x0000000088700000, 0x0000000088700000, 0x0000000088800000|  0%| F|  |TAMS 0x0000000088700000, 0x0000000088700000| Untracked 
| 136|0x0000000088800000, 0x0000000088800000, 0x0000000088900000|  0%| F|  |TAMS 0x0000000088800000, 0x0000000088800000| Untracked 
| 137|0x0000000088900000, 0x0000000088900000, 0x0000000088a00000|  0%| F|  |TAMS 0x0000000088900000, 0x0000000088900000| Untracked 
| 138|0x0000000088a00000, 0x0000000088a00000, 0x0000000088b00000|  0%| F|  |TAMS 0x0000000088a00000, 0x0000000088a00000| Untracked 
| 139|0x0000000088b00000, 0x0000000088b00000, 0x0000000088c00000|  0%| F|  |TAMS 0x0000000088b00000, 0x0000000088b00000| Untracked 
| 140|0x0000000088c00000, 0x0000000088c00000, 0x0000000088d00000|  0%| F|  |TAMS 0x0000000088c00000, 0x0000000088c00000| Untracked 
| 141|0x0000000088d00000, 0x0000000088d00000, 0x0000000088e00000|  0%| F|  |TAMS 0x0000000088d00000, 0x0000000088d00000| Untracked 
| 142|0x0000000088e00000, 0x0000000088e00000, 0x0000000088f00000|  0%| F|  |TAMS 0x0000000088e00000, 0x0000000088e00000| Untracked 
| 143|0x0000000088f00000, 0x0000000088f00000, 0x0000000089000000|  0%| F|  |TAMS 0x0000000088f00000, 0x0000000088f00000| Untracked 
| 144|0x0000000089000000, 0x0000000089000000, 0x0000000089100000|  0%| F|  |TAMS 0x0000000089000000, 0x0000000089000000| Untracked 
| 145|0x0000000089100000, 0x0000000089100000, 0x0000000089200000|  0%| F|  |TAMS 0x0000000089100000, 0x0000000089100000| Untracked 
| 146|0x0000000089200000, 0x0000000089200000, 0x0000000089300000|  0%| F|  |TAMS 0x0000000089200000, 0x0000000089200000| Untracked 
| 147|0x0000000089300000, 0x0000000089300000, 0x0000000089400000|  0%| F|  |TAMS 0x0000000089300000, 0x0000000089300000| Untracked 
| 148|0x0000000089400000, 0x0000000089400000, 0x0000000089500000|  0%| F|  |TAMS 0x0000000089400000, 0x0000000089400000| Untracked 
| 149|0x0000000089500000, 0x0000000089500000, 0x0000000089600000|  0%| F|  |TAMS 0x0000000089500000, 0x0000000089500000| Untracked 
| 150|0x0000000089600000, 0x0000000089600000, 0x0000000089700000|  0%| F|  |TAMS 0x0000000089600000, 0x0000000089600000| Untracked 
| 151|0x0000000089700000, 0x0000000089700000, 0x0000000089800000|  0%| F|  |TAMS 0x0000000089700000, 0x0000000089700000| Untracked 
| 152|0x0000000089800000, 0x0000000089800000, 0x0000000089900000|  0%| F|  |TAMS 0x0000000089800000, 0x0000000089800000| Untracked 
| 153|0x0000000089900000, 0x0000000089900000, 0x0000000089a00000|  0%| F|  |TAMS 0x0000000089900000, 0x0000000089900000| Untracked 
| 154|0x0000000089a00000, 0x0000000089a00000, 0x0000000089b00000|  0%| F|  |TAMS 0x0000000089a00000, 0x0000000089a00000| Untracked 
| 155|0x0000000089b00000, 0x0000000089b00000, 0x0000000089c00000|  0%| F|  |TAMS 0x0000000089b00000, 0x0000000089b00000| Untracked 
| 156|0x0000000089c00000, 0x0000000089c00000, 0x0000000089d00000|  0%| F|  |TAMS 0x0000000089c00000, 0x0000000089c00000| Untracked 
| 157|0x0000000089d00000, 0x0000000089d00000, 0x0000000089e00000|  0%| F|  |TAMS 0x0000000089d00000, 0x0000000089d00000| Untracked 
| 158|0x0000000089e00000, 0x0000000089e00000, 0x0000000089f00000|  0%| F|  |TAMS 0x0000000089e00000, 0x0000000089e00000| Untracked 
| 159|0x0000000089f00000, 0x0000000089f00000, 0x000000008a000000|  0%| F|  |TAMS 0x0000000089f00000, 0x0000000089f00000| Untracked 
| 160|0x000000008a000000, 0x000000008a000000, 0x000000008a100000|  0%| F|  |TAMS 0x000000008a000000, 0x000000008a000000| Untracked 
| 161|0x000000008a100000, 0x000000008a100000, 0x000000008a200000|  0%| F|  |TAMS 0x000000008a100000, 0x000000008a100000| Untracked 
| 162|0x000000008a200000, 0x000000008a200000, 0x000000008a300000|  0%| F|  |TAMS 0x000000008a200000, 0x000000008a200000| Untracked 
| 163|0x000000008a300000, 0x000000008a300000, 0x000000008a400000|  0%| F|  |TAMS 0x000000008a300000, 0x000000008a300000| Untracked 
| 164|0x000000008a400000, 0x000000008a400000, 0x000000008a500000|  0%| F|  |TAMS 0x000000008a400000, 0x000000008a400000| Untracked 
| 165|0x000000008a500000, 0x000000008a500000, 0x000000008a600000|  0%| F|  |TAMS 0x000000008a500000, 0x000000008a500000| Untracked 
| 166|0x000000008a600000, 0x000000008a600000, 0x000000008a700000|  0%| F|  |TAMS 0x000000008a600000, 0x000000008a600000| Untracked 
| 167|0x000000008a700000, 0x000000008a700000, 0x000000008a800000|  0%| F|  |TAMS 0x000000008a700000, 0x000000008a700000| Untracked 
| 168|0x000000008a800000, 0x000000008a800000, 0x000000008a900000|  0%| F|  |TAMS 0x000000008a800000, 0x000000008a800000| Untracked 
| 169|0x000000008a900000, 0x000000008a900000, 0x000000008aa00000|  0%| F|  |TAMS 0x000000008a900000, 0x000000008a900000| Untracked 
| 170|0x000000008aa00000, 0x000000008aa00000, 0x000000008ab00000|  0%| F|  |TAMS 0x000000008aa00000, 0x000000008aa00000| Untracked 
| 171|0x000000008ab00000, 0x000000008ab00000, 0x000000008ac00000|  0%| F|  |TAMS 0x000000008ab00000, 0x000000008ab00000| Untracked 
| 172|0x000000008ac00000, 0x000000008ac00000, 0x000000008ad00000|  0%| F|  |TAMS 0x000000008ac00000, 0x000000008ac00000| Untracked 
| 173|0x000000008ad00000, 0x000000008ad00000, 0x000000008ae00000|  0%| F|  |TAMS 0x000000008ad00000, 0x000000008ad00000| Untracked 
| 174|0x000000008ae00000, 0x000000008ae00000, 0x000000008af00000|  0%| F|  |TAMS 0x000000008ae00000, 0x000000008ae00000| Untracked 
| 175|0x000000008af00000, 0x000000008af00000, 0x000000008b000000|  0%| F|  |TAMS 0x000000008af00000, 0x000000008af00000| Untracked 
| 176|0x000000008b000000, 0x000000008b000000, 0x000000008b100000|  0%| F|  |TAMS 0x000000008b000000, 0x000000008b000000| Untracked 
| 177|0x000000008b100000, 0x000000008b100000, 0x000000008b200000|  0%| F|  |TAMS 0x000000008b100000, 0x000000008b100000| Untracked 
| 178|0x000000008b200000, 0x000000008b200000, 0x000000008b300000|  0%| F|  |TAMS 0x000000008b200000, 0x000000008b200000| Untracked 
| 179|0x000000008b300000, 0x000000008b300000, 0x000000008b400000|  0%| F|  |TAMS 0x000000008b300000, 0x000000008b300000| Untracked 
| 180|0x000000008b400000, 0x000000008b400000, 0x000000008b500000|  0%| F|  |TAMS 0x000000008b400000, 0x000000008b400000| Untracked 
| 181|0x000000008b500000, 0x000000008b500000, 0x000000008b600000|  0%| F|  |TAMS 0x000000008b500000, 0x000000008b500000| Untracked 
| 182|0x000000008b600000, 0x000000008b600000, 0x000000008b700000|  0%| F|  |TAMS 0x000000008b600000, 0x000000008b600000| Untracked 
| 183|0x000000008b700000, 0x000000008b700000, 0x000000008b800000|  0%| F|  |TAMS 0x000000008b700000, 0x000000008b700000| Untracked 
| 184|0x000000008b800000, 0x000000008b800000, 0x000000008b900000|  0%| F|  |TAMS 0x000000008b800000, 0x000000008b800000| Untracked 
| 185|0x000000008b900000, 0x000000008b900000, 0x000000008ba00000|  0%| F|  |TAMS 0x000000008b900000, 0x000000008b900000| Untracked 
| 186|0x000000008ba00000, 0x000000008ba00000, 0x000000008bb00000|  0%| F|  |TAMS 0x000000008ba00000, 0x000000008ba00000| Untracked 
| 187|0x000000008bb00000, 0x000000008bb00000, 0x000000008bc00000|  0%| F|  |TAMS 0x000000008bb00000, 0x000000008bb00000| Untracked 
| 188|0x000000008bc00000, 0x000000008bc00000, 0x000000008bd00000|  0%| F|  |TAMS 0x000000008bc00000, 0x000000008bc00000| Untracked 
| 189|0x000000008bd00000, 0x000000008bd00000, 0x000000008be00000|  0%| F|  |TAMS 0x000000008bd00000, 0x000000008bd00000| Untracked 
| 190|0x000000008be00000, 0x000000008be00000, 0x000000008bf00000|  0%| F|  |TAMS 0x000000008be00000, 0x000000008be00000| Untracked 
| 191|0x000000008bf00000, 0x000000008bf00000, 0x000000008c000000|  0%| F|  |TAMS 0x000000008bf00000, 0x000000008bf00000| Untracked 
| 192|0x000000008c000000, 0x000000008c000000, 0x000000008c100000|  0%| F|  |TAMS 0x000000008c000000, 0x000000008c000000| Untracked 
| 193|0x000000008c100000, 0x000000008c100000, 0x000000008c200000|  0%| F|  |TAMS 0x000000008c100000, 0x000000008c100000| Untracked 
| 194|0x000000008c200000, 0x000000008c200000, 0x000000008c300000|  0%| F|  |TAMS 0x000000008c200000, 0x000000008c200000| Untracked 
| 195|0x000000008c300000, 0x000000008c300000, 0x000000008c400000|  0%| F|  |TAMS 0x000000008c300000, 0x000000008c300000| Untracked 
| 196|0x000000008c400000, 0x000000008c400000, 0x000000008c500000|  0%| F|  |TAMS 0x000000008c400000, 0x000000008c400000| Untracked 
| 197|0x000000008c500000, 0x000000008c500000, 0x000000008c600000|  0%| F|  |TAMS 0x000000008c500000, 0x000000008c500000| Untracked 
| 198|0x000000008c600000, 0x000000008c600000, 0x000000008c700000|  0%| F|  |TAMS 0x000000008c600000, 0x000000008c600000| Untracked 
| 199|0x000000008c700000, 0x000000008c700000, 0x000000008c800000|  0%| F|  |TAMS 0x000000008c700000, 0x000000008c700000| Untracked 
| 200|0x000000008c800000, 0x000000008c800000, 0x000000008c900000|  0%| F|  |TAMS 0x000000008c800000, 0x000000008c800000| Untracked 
| 201|0x000000008c900000, 0x000000008c900000, 0x000000008ca00000|  0%| F|  |TAMS 0x000000008c900000, 0x000000008c900000| Untracked 
| 202|0x000000008ca00000, 0x000000008ca00000, 0x000000008cb00000|  0%| F|  |TAMS 0x000000008ca00000, 0x000000008ca00000| Untracked 
| 203|0x000000008cb00000, 0x000000008cb00000, 0x000000008cc00000|  0%| F|  |TAMS 0x000000008cb00000, 0x000000008cb00000| Untracked 
| 204|0x000000008cc00000, 0x000000008cc00000, 0x000000008cd00000|  0%| F|  |TAMS 0x000000008cc00000, 0x000000008cc00000| Untracked 
| 205|0x000000008cd00000, 0x000000008cd00000, 0x000000008ce00000|  0%| F|  |TAMS 0x000000008cd00000, 0x000000008cd00000| Untracked 
| 206|0x000000008ce00000, 0x000000008ce00000, 0x000000008cf00000|  0%| F|  |TAMS 0x000000008ce00000, 0x000000008ce00000| Untracked 
| 207|0x000000008cf00000, 0x000000008cf00000, 0x000000008d000000|  0%| F|  |TAMS 0x000000008cf00000, 0x000000008cf00000| Untracked 
| 208|0x000000008d000000, 0x000000008d000000, 0x000000008d100000|  0%| F|  |TAMS 0x000000008d000000, 0x000000008d000000| Untracked 
| 209|0x000000008d100000, 0x000000008d100000, 0x000000008d200000|  0%| F|  |TAMS 0x000000008d100000, 0x000000008d100000| Untracked 
| 210|0x000000008d200000, 0x000000008d200000, 0x000000008d300000|  0%| F|  |TAMS 0x000000008d200000, 0x000000008d200000| Untracked 
| 211|0x000000008d300000, 0x000000008d300000, 0x000000008d400000|  0%| F|  |TAMS 0x000000008d300000, 0x000000008d300000| Untracked 
| 212|0x000000008d400000, 0x000000008d400000, 0x000000008d500000|  0%| F|  |TAMS 0x000000008d400000, 0x000000008d400000| Untracked 
| 213|0x000000008d500000, 0x000000008d500000, 0x000000008d600000|  0%| F|  |TAMS 0x000000008d500000, 0x000000008d500000| Untracked 
| 214|0x000000008d600000, 0x000000008d600000, 0x000000008d700000|  0%| F|  |TAMS 0x000000008d600000, 0x000000008d600000| Untracked 
| 215|0x000000008d700000, 0x000000008d700000, 0x000000008d800000|  0%| F|  |TAMS 0x000000008d700000, 0x000000008d700000| Untracked 
| 216|0x000000008d800000, 0x000000008d800000, 0x000000008d900000|  0%| F|  |TAMS 0x000000008d800000, 0x000000008d800000| Untracked 
| 217|0x000000008d900000, 0x000000008d900000, 0x000000008da00000|  0%| F|  |TAMS 0x000000008d900000, 0x000000008d900000| Untracked 
| 218|0x000000008da00000, 0x000000008da00000, 0x000000008db00000|  0%| F|  |TAMS 0x000000008da00000, 0x000000008da00000| Untracked 
| 219|0x000000008db00000, 0x000000008db00000, 0x000000008dc00000|  0%| F|  |TAMS 0x000000008db00000, 0x000000008db00000| Untracked 
| 220|0x000000008dc00000, 0x000000008dc00000, 0x000000008dd00000|  0%| F|  |TAMS 0x000000008dc00000, 0x000000008dc00000| Untracked 
| 221|0x000000008dd00000, 0x000000008dd00000, 0x000000008de00000|  0%| F|  |TAMS 0x000000008dd00000, 0x000000008dd00000| Untracked 
| 222|0x000000008de00000, 0x000000008de00000, 0x000000008df00000|  0%| F|  |TAMS 0x000000008de00000, 0x000000008de00000| Untracked 
| 223|0x000000008df00000, 0x000000008df00000, 0x000000008e000000|  0%| F|  |TAMS 0x000000008df00000, 0x000000008df00000| Untracked 
| 224|0x000000008e000000, 0x000000008e000000, 0x000000008e100000|  0%| F|  |TAMS 0x000000008e000000, 0x000000008e000000| Untracked 
| 225|0x000000008e100000, 0x000000008e100000, 0x000000008e200000|  0%| F|  |TAMS 0x000000008e100000, 0x000000008e100000| Untracked 
| 226|0x000000008e200000, 0x000000008e200000, 0x000000008e300000|  0%| F|  |TAMS 0x000000008e200000, 0x000000008e200000| Untracked 
| 227|0x000000008e300000, 0x000000008e300000, 0x000000008e400000|  0%| F|  |TAMS 0x000000008e300000, 0x000000008e300000| Untracked 
| 228|0x000000008e400000, 0x000000008e400000, 0x000000008e500000|  0%| F|  |TAMS 0x000000008e400000, 0x000000008e400000| Untracked 
| 229|0x000000008e500000, 0x000000008e500000, 0x000000008e600000|  0%| F|  |TAMS 0x000000008e500000, 0x000000008e500000| Untracked 
| 230|0x000000008e600000, 0x000000008e600000, 0x000000008e700000|  0%| F|  |TAMS 0x000000008e600000, 0x000000008e600000| Untracked 
| 231|0x000000008e700000, 0x000000008e700000, 0x000000008e800000|  0%| F|  |TAMS 0x000000008e700000, 0x000000008e700000| Untracked 
| 232|0x000000008e800000, 0x000000008e800000, 0x000000008e900000|  0%| F|  |TAMS 0x000000008e800000, 0x000000008e800000| Untracked 
| 233|0x000000008e900000, 0x000000008e900000, 0x000000008ea00000|  0%| F|  |TAMS 0x000000008e900000, 0x000000008e900000| Untracked 
| 234|0x000000008ea00000, 0x000000008ea00000, 0x000000008eb00000|  0%| F|  |TAMS 0x000000008ea00000, 0x000000008ea00000| Untracked 
| 235|0x000000008eb00000, 0x000000008eb00000, 0x000000008ec00000|  0%| F|  |TAMS 0x000000008eb00000, 0x000000008eb00000| Untracked 
| 236|0x000000008ec00000, 0x000000008ecf1020, 0x000000008ed00000| 94%| E|  |TAMS 0x000000008ec00000, 0x000000008ec00000| Complete 
| 237|0x000000008ed00000, 0x000000008ee00000, 0x000000008ee00000|100%| E|CS|TAMS 0x000000008ed00000, 0x000000008ed00000| Complete 
| 238|0x000000008ee00000, 0x000000008ef00000, 0x000000008ef00000|100%| E|CS|TAMS 0x000000008ee00000, 0x000000008ee00000| Complete 
| 239|0x000000008ef00000, 0x000000008f000000, 0x000000008f000000|100%| E|CS|TAMS 0x000000008ef00000, 0x000000008ef00000| Complete 
| 240|0x000000008f000000, 0x000000008f100000, 0x000000008f100000|100%| E|CS|TAMS 0x000000008f000000, 0x000000008f000000| Complete 
| 241|0x000000008f100000, 0x000000008f200000, 0x000000008f200000|100%| E|CS|TAMS 0x000000008f100000, 0x000000008f100000| Complete 
| 242|0x000000008f200000, 0x000000008f300000, 0x000000008f300000|100%| E|CS|TAMS 0x000000008f200000, 0x000000008f200000| Complete 
| 243|0x000000008f300000, 0x000000008f400000, 0x000000008f400000|100%| E|CS|TAMS 0x000000008f300000, 0x000000008f300000| Complete 
| 244|0x000000008f400000, 0x000000008f500000, 0x000000008f500000|100%| E|CS|TAMS 0x000000008f400000, 0x000000008f400000| Complete 
| 245|0x000000008f500000, 0x000000008f600000, 0x000000008f600000|100%| E|CS|TAMS 0x000000008f500000, 0x000000008f500000| Complete 
| 246|0x000000008f600000, 0x000000008f700000, 0x000000008f700000|100%| E|CS|TAMS 0x000000008f600000, 0x000000008f600000| Complete 
| 247|0x000000008f700000, 0x000000008f800000, 0x000000008f800000|100%| E|CS|TAMS 0x000000008f700000, 0x000000008f700000| Complete 
| 248|0x000000008f800000, 0x000000008f900000, 0x000000008f900000|100%| E|CS|TAMS 0x000000008f800000, 0x000000008f800000| Complete 
| 249|0x000000008f900000, 0x000000008fa00000, 0x000000008fa00000|100%| E|CS|TAMS 0x000000008f900000, 0x000000008f900000| Complete 
| 250|0x000000008fa00000, 0x000000008fb00000, 0x000000008fb00000|100%| E|CS|TAMS 0x000000008fa00000, 0x000000008fa00000| Complete 
| 251|0x000000008fb00000, 0x000000008fc00000, 0x000000008fc00000|100%| E|CS|TAMS 0x000000008fb00000, 0x000000008fb00000| Complete 
| 252|0x000000008fc00000, 0x000000008fd00000, 0x000000008fd00000|100%| E|CS|TAMS 0x000000008fc00000, 0x000000008fc00000| Complete 
| 253|0x000000008fd00000, 0x000000008fe00000, 0x000000008fe00000|100%| E|CS|TAMS 0x000000008fd00000, 0x000000008fd00000| Complete 
| 254|0x000000008fe00000, 0x000000008ff00000, 0x000000008ff00000|100%| E|CS|TAMS 0x000000008fe00000, 0x000000008fe00000| Complete 
| 255|0x000000008ff00000, 0x0000000090000000, 0x0000000090000000|100%| E|CS|TAMS 0x000000008ff00000, 0x000000008ff00000| Complete 
| 256|0x0000000090000000, 0x0000000090100000, 0x0000000090100000|100%| E|CS|TAMS 0x0000000090000000, 0x0000000090000000| Complete 
| 257|0x0000000090100000, 0x0000000090200000, 0x0000000090200000|100%| E|CS|TAMS 0x0000000090100000, 0x0000000090100000| Complete 
| 258|0x0000000090200000, 0x0000000090300000, 0x0000000090300000|100%| E|CS|TAMS 0x0000000090200000, 0x0000000090200000| Complete 
| 259|0x0000000090300000, 0x0000000090400000, 0x0000000090400000|100%| E|CS|TAMS 0x0000000090300000, 0x0000000090300000| Complete 
| 260|0x0000000090400000, 0x0000000090500000, 0x0000000090500000|100%| E|CS|TAMS 0x0000000090400000, 0x0000000090400000| Complete 
| 261|0x0000000090500000, 0x0000000090600000, 0x0000000090600000|100%| E|CS|TAMS 0x0000000090500000, 0x0000000090500000| Complete 
| 262|0x0000000090600000, 0x0000000090700000, 0x0000000090700000|100%| E|CS|TAMS 0x0000000090600000, 0x0000000090600000| Complete 
| 263|0x0000000090700000, 0x0000000090800000, 0x0000000090800000|100%| E|CS|TAMS 0x0000000090700000, 0x0000000090700000| Complete 
| 264|0x0000000090800000, 0x0000000090900000, 0x0000000090900000|100%| E|CS|TAMS 0x0000000090800000, 0x0000000090800000| Complete 
| 265|0x0000000090900000, 0x0000000090a00000, 0x0000000090a00000|100%| E|CS|TAMS 0x0000000090900000, 0x0000000090900000| Complete 
| 266|0x0000000090a00000, 0x0000000090b00000, 0x0000000090b00000|100%| E|CS|TAMS 0x0000000090a00000, 0x0000000090a00000| Complete 
| 267|0x0000000090b00000, 0x0000000090c00000, 0x0000000090c00000|100%| E|CS|TAMS 0x0000000090b00000, 0x0000000090b00000| Complete 
| 268|0x0000000090c00000, 0x0000000090d00000, 0x0000000090d00000|100%| E|CS|TAMS 0x0000000090c00000, 0x0000000090c00000| Complete 
| 269|0x0000000090d00000, 0x0000000090e00000, 0x0000000090e00000|100%| E|CS|TAMS 0x0000000090d00000, 0x0000000090d00000| Complete 
| 270|0x0000000090e00000, 0x0000000090f00000, 0x0000000090f00000|100%| E|CS|TAMS 0x0000000090e00000, 0x0000000090e00000| Complete 
| 271|0x0000000090f00000, 0x0000000091000000, 0x0000000091000000|100%| E|CS|TAMS 0x0000000090f00000, 0x0000000090f00000| Complete 
| 272|0x0000000091000000, 0x0000000091100000, 0x0000000091100000|100%| E|CS|TAMS 0x0000000091000000, 0x0000000091000000| Complete 
| 273|0x0000000091100000, 0x0000000091200000, 0x0000000091200000|100%| E|CS|TAMS 0x0000000091100000, 0x0000000091100000| Complete 
| 274|0x0000000091200000, 0x0000000091300000, 0x0000000091300000|100%| E|CS|TAMS 0x0000000091200000, 0x0000000091200000| Complete 
| 275|0x0000000091300000, 0x0000000091400000, 0x0000000091400000|100%| E|CS|TAMS 0x0000000091300000, 0x0000000091300000| Complete 
| 276|0x0000000091400000, 0x0000000091500000, 0x0000000091500000|100%| E|CS|TAMS 0x0000000091400000, 0x0000000091400000| Complete 
| 277|0x0000000091500000, 0x0000000091600000, 0x0000000091600000|100%| E|CS|TAMS 0x0000000091500000, 0x0000000091500000| Complete 
| 278|0x0000000091600000, 0x0000000091700000, 0x0000000091700000|100%| E|CS|TAMS 0x0000000091600000, 0x0000000091600000| Complete 
| 279|0x0000000091700000, 0x0000000091800000, 0x0000000091800000|100%| E|CS|TAMS 0x0000000091700000, 0x0000000091700000| Complete 
| 280|0x0000000091800000, 0x0000000091900000, 0x0000000091900000|100%| E|CS|TAMS 0x0000000091800000, 0x0000000091800000| Complete 
| 281|0x0000000091900000, 0x0000000091a00000, 0x0000000091a00000|100%| E|CS|TAMS 0x0000000091900000, 0x0000000091900000| Complete 
| 282|0x0000000091a00000, 0x0000000091b00000, 0x0000000091b00000|100%| E|CS|TAMS 0x0000000091a00000, 0x0000000091a00000| Complete 
| 283|0x0000000091b00000, 0x0000000091c00000, 0x0000000091c00000|100%| E|CS|TAMS 0x0000000091b00000, 0x0000000091b00000| Complete 
| 284|0x0000000091c00000, 0x0000000091d00000, 0x0000000091d00000|100%| E|CS|TAMS 0x0000000091c00000, 0x0000000091c00000| Complete 
| 285|0x0000000091d00000, 0x0000000091e00000, 0x0000000091e00000|100%| E|CS|TAMS 0x0000000091d00000, 0x0000000091d00000| Complete 
| 286|0x0000000091e00000, 0x0000000091f00000, 0x0000000091f00000|100%| E|CS|TAMS 0x0000000091e00000, 0x0000000091e00000| Complete 
| 287|0x0000000091f00000, 0x0000000092000000, 0x0000000092000000|100%| E|CS|TAMS 0x0000000091f00000, 0x0000000091f00000| Complete 
| 288|0x0000000092000000, 0x0000000092100000, 0x0000000092100000|100%| E|CS|TAMS 0x0000000092000000, 0x0000000092000000| Complete 
| 289|0x0000000092100000, 0x0000000092200000, 0x0000000092200000|100%| E|CS|TAMS 0x0000000092100000, 0x0000000092100000| Complete 
| 290|0x0000000092200000, 0x0000000092300000, 0x0000000092300000|100%| E|CS|TAMS 0x0000000092200000, 0x0000000092200000| Complete 
| 291|0x0000000092300000, 0x0000000092400000, 0x0000000092400000|100%| E|CS|TAMS 0x0000000092300000, 0x0000000092300000| Complete 
| 292|0x0000000092400000, 0x0000000092500000, 0x0000000092500000|100%| E|CS|TAMS 0x0000000092400000, 0x0000000092400000| Complete 
| 293|0x0000000092500000, 0x0000000092600000, 0x0000000092600000|100%| E|CS|TAMS 0x0000000092500000, 0x0000000092500000| Complete 
| 294|0x0000000092600000, 0x0000000092700000, 0x0000000092700000|100%| E|CS|TAMS 0x0000000092600000, 0x0000000092600000| Complete 
| 295|0x0000000092700000, 0x0000000092800000, 0x0000000092800000|100%| E|CS|TAMS 0x0000000092700000, 0x0000000092700000| Complete 
| 296|0x0000000092800000, 0x0000000092900000, 0x0000000092900000|100%| E|CS|TAMS 0x0000000092800000, 0x0000000092800000| Complete 
| 297|0x0000000092900000, 0x0000000092a00000, 0x0000000092a00000|100%| E|CS|TAMS 0x0000000092900000, 0x0000000092900000| Complete 
| 298|0x0000000092a00000, 0x0000000092b00000, 0x0000000092b00000|100%| E|CS|TAMS 0x0000000092a00000, 0x0000000092a00000| Complete 
| 299|0x0000000092b00000, 0x0000000092c00000, 0x0000000092c00000|100%| E|CS|TAMS 0x0000000092b00000, 0x0000000092b00000| Complete 
| 300|0x0000000092c00000, 0x0000000092d00000, 0x0000000092d00000|100%| E|CS|TAMS 0x0000000092c00000, 0x0000000092c00000| Complete 
| 301|0x0000000092d00000, 0x0000000092e00000, 0x0000000092e00000|100%| E|  |TAMS 0x0000000092d00000, 0x0000000092d00000| Complete 
| 302|0x0000000092e00000, 0x0000000092f00000, 0x0000000092f00000|100%| E|CS|TAMS 0x0000000092e00000, 0x0000000092e00000| Complete 
| 303|0x0000000092f00000, 0x0000000093000000, 0x0000000093000000|100%| E|CS|TAMS 0x0000000092f00000, 0x0000000092f00000| Complete 
| 304|0x0000000093000000, 0x0000000093100000, 0x0000000093100000|100%| E|CS|TAMS 0x0000000093000000, 0x0000000093000000| Complete 
| 305|0x0000000093100000, 0x0000000093200000, 0x0000000093200000|100%| E|CS|TAMS 0x0000000093100000, 0x0000000093100000| Complete 
| 306|0x0000000093200000, 0x0000000093300000, 0x0000000093300000|100%| E|CS|TAMS 0x0000000093200000, 0x0000000093200000| Complete 
| 307|0x0000000093300000, 0x0000000093400000, 0x0000000093400000|100%| E|CS|TAMS 0x0000000093300000, 0x0000000093300000| Complete 
| 308|0x0000000093400000, 0x0000000093500000, 0x0000000093500000|100%| E|CS|TAMS 0x0000000093400000, 0x0000000093400000| Complete 
| 309|0x0000000093500000, 0x0000000093600000, 0x0000000093600000|100%| E|CS|TAMS 0x0000000093500000, 0x0000000093500000| Complete 
| 310|0x0000000093600000, 0x0000000093700000, 0x0000000093700000|100%| E|CS|TAMS 0x0000000093600000, 0x0000000093600000| Complete 
| 311|0x0000000093700000, 0x0000000093800000, 0x0000000093800000|100%| E|CS|TAMS 0x0000000093700000, 0x0000000093700000| Complete 
| 312|0x0000000093800000, 0x0000000093900000, 0x0000000093900000|100%| E|CS|TAMS 0x0000000093800000, 0x0000000093800000| Complete 
| 313|0x0000000093900000, 0x0000000093a00000, 0x0000000093a00000|100%| E|CS|TAMS 0x0000000093900000, 0x0000000093900000| Complete 
| 314|0x0000000093a00000, 0x0000000093b00000, 0x0000000093b00000|100%| E|CS|TAMS 0x0000000093a00000, 0x0000000093a00000| Complete 
| 315|0x0000000093b00000, 0x0000000093c00000, 0x0000000093c00000|100%| E|CS|TAMS 0x0000000093b00000, 0x0000000093b00000| Complete 
| 316|0x0000000093c00000, 0x0000000093d00000, 0x0000000093d00000|100%| E|CS|TAMS 0x0000000093c00000, 0x0000000093c00000| Complete 
| 317|0x0000000093d00000, 0x0000000093e00000, 0x0000000093e00000|100%| E|CS|TAMS 0x0000000093d00000, 0x0000000093d00000| Complete 
| 318|0x0000000093e00000, 0x0000000093f00000, 0x0000000093f00000|100%| E|CS|TAMS 0x0000000093e00000, 0x0000000093e00000| Complete 
| 319|0x0000000093f00000, 0x0000000094000000, 0x0000000094000000|100%| E|CS|TAMS 0x0000000093f00000, 0x0000000093f00000| Complete 
| 320|0x0000000094000000, 0x0000000094100000, 0x0000000094100000|100%| E|CS|TAMS 0x0000000094000000, 0x0000000094000000| Complete 
| 321|0x0000000094100000, 0x0000000094200000, 0x0000000094200000|100%| E|CS|TAMS 0x0000000094100000, 0x0000000094100000| Complete 
| 322|0x0000000094200000, 0x0000000094300000, 0x0000000094300000|100%| E|CS|TAMS 0x0000000094200000, 0x0000000094200000| Complete 
| 323|0x0000000094300000, 0x0000000094400000, 0x0000000094400000|100%| E|CS|TAMS 0x0000000094300000, 0x0000000094300000| Complete 
| 324|0x0000000094400000, 0x0000000094500000, 0x0000000094500000|100%| E|CS|TAMS 0x0000000094400000, 0x0000000094400000| Complete 
| 325|0x0000000094500000, 0x0000000094600000, 0x0000000094600000|100%| E|CS|TAMS 0x0000000094500000, 0x0000000094500000| Complete 
| 326|0x0000000094600000, 0x0000000094700000, 0x0000000094700000|100%| E|CS|TAMS 0x0000000094600000, 0x0000000094600000| Complete 
| 327|0x0000000094700000, 0x0000000094800000, 0x0000000094800000|100%| E|CS|TAMS 0x0000000094700000, 0x0000000094700000| Complete 

Card table byte_map: [0x000002321e2a0000,0x000002321e6a0000] _byte_map_base: 0x000002321dea0000

Marking Bits (Prev, Next): (CMBitMap*) 0x000002320ba29630, (CMBitMap*) 0x000002320ba29670
 Prev Bits: [0x000002321eaa0000, 0x0000023220aa0000)
 Next Bits: [0x0000023220aa0000, 0x0000023222aa0000)

Polling page: 0x0000023209990000

Metaspace:

Usage:
  Non-class:     72.95 MB used.
      Class:     11.55 MB used.
       Both:     84.50 MB used.

Virtual space:
  Non-class space:       80.00 MB reserved,      73.31 MB ( 92%) committed,  10 nodes.
      Class space:        1.00 GB reserved,      11.88 MB (  1%) committed,  1 nodes.
             Both:        1.08 GB reserved,      85.19 MB (  8%) committed. 

Chunk freelists:
   Non-Class:  2.41 MB
       Class:  3.95 MB
        Both:  6.36 MB

MaxMetaspaceSize: unlimited
CompressedClassSpaceSize: 1.00 GB
Initial GC threshold: 21.00 MB
Current GC threshold: 141.25 MB
CDS: off
MetaspaceReclaimPolicy: balanced
 - commit_granule_bytes: 65536.
 - commit_granule_words: 8192.
 - virtual_space_node_default_size: 1048576.
 - enlarge_chunks_in_place: 1.
 - new_chunks_are_fully_committed: 0.
 - uncommit_free_chunks: 1.
 - use_allocation_guard: 0.
 - handle_deallocations: 1.


Internal statistics:

num_allocs_failed_limit: 12.
num_arena_births: 890.
num_arena_deaths: 4.
num_vsnodes_births: 11.
num_vsnodes_deaths: 0.
num_space_committed: 1363.
num_space_uncommitted: 0.
num_chunks_returned_to_freelist: 18.
num_chunks_taken_from_freelist: 4083.
num_chunk_merges: 6.
num_chunk_splits: 2618.
num_chunks_enlarged: 1701.
num_purges: 2.
num_inconsistent_stats: 0.

CodeHeap 'non-profiled nmethods': size=120000Kb used=6372Kb max_used=6372Kb free=113627Kb
 bounds [0x0000023216970000, 0x0000023216fb0000, 0x000002321dea0000]
CodeHeap 'profiled nmethods': size=120000Kb used=19004Kb max_used=19004Kb free=100995Kb
 bounds [0x000002320eea0000, 0x0000023210140000, 0x00000232163d0000]
CodeHeap 'non-nmethods': size=5760Kb used=2367Kb max_used=2471Kb free=3392Kb
 bounds [0x00000232163d0000, 0x0000023216650000, 0x0000023216970000]
 total_blobs=10988 nmethods=10089 adapters=811
 compilation: enabled
              stopped_count=0, restarted_count=0
 full_count=0

Compilation events (20 events):
Event: 23.783 Thread 0x00000232283773d0 nmethod 11727 0x0000023216fa4890 code [0x0000023216fa4a20, 0x0000023216fa4af8]
Event: 23.863 Thread 0x00000232283773d0 11728       4       org.gradle.internal.snapshot.AbstractFileSystemLocationSnapshot::getSnapshot (5 bytes)
Event: 23.868 Thread 0x00000232283773d0 nmethod 11728 0x0000023216fa4b90 code [0x0000023216fa4d20, 0x0000023216fa4df8]
Event: 23.869 Thread 0x00000232283773d0 11729       4       org.gradle.internal.component.external.model.DefaultModuleComponentArtifactIdentifier::getComponentIdentifier (5 bytes)
Event: 23.878 Thread 0x00000232283773d0 nmethod 11729 0x0000023216fa4e90 code [0x0000023216fa5000, 0x0000023216fa5078]
Event: 23.883 Thread 0x00000232283773d0 11730       4       org.gradle.internal.execution.impl.DefaultFileNormalizationSpec::hashCode (29 bytes)
Event: 23.900 Thread 0x0000023225911dd0 11731       3       org.gradle.api.internal.tasks.properties.AbstractValidatingProperty::validate (51 bytes)
Event: 23.902 Thread 0x0000023225911420 nmethod 11724 0x0000023216fa5190 code [0x0000023216fa53c0, 0x0000023216fa7220]
Event: 23.912 Thread 0x00000232283773d0 nmethod 11730 0x0000023216fa7b90 code [0x0000023216fa7d20, 0x0000023216fa7ef8]
Event: 23.913 Thread 0x0000023225911420 11733       4       org.gradle.api.internal.artifacts.ivyservice.resolveengine.artifact.ParallelResolveArtifactSet$VisitingSet$StartVisitAction::visitArtifacts (31 bytes)
Event: 23.914 Thread 0x0000023225911dd0 nmethod 11731 0x0000023210128610 code [0x0000023210128820, 0x0000023210128e08]
Event: 23.914 Thread 0x0000023225911dd0 11732       3       org.gradle.api.internal.provider.ValueSupplier$ValueProducer::unknown (4 bytes)
Event: 23.914 Thread 0x0000023225911dd0 nmethod 11732 0x000002320f298690 code [0x000002320f298820, 0x000002320f298918]
Event: 23.933 Thread 0x00000232283773d0 11734       4       java.util.HashSet::clear (8 bytes)
Event: 23.950 Thread 0x00000232283773d0 nmethod 11734 0x0000023216fa8010 code [0x0000023216fa81a0, 0x0000023216fa8798]
Event: 23.952 Thread 0x0000023225911dd0 11735       3       java.lang.Iterable::forEach (39 bytes)
Event: 23.955 Thread 0x0000023225911dd0 nmethod 11735 0x0000023210129010 code [0x0000023210129220, 0x0000023210129828]
Event: 23.958 Thread 0x00000232283773d0 11736       4       java.util.LinkedHashMap::afterNodeAccess (116 bytes)
Event: 23.973 Thread 0x00000232283773d0 nmethod 11736 0x0000023216fa8910 code [0x0000023216fa8aa0, 0x0000023216fa9278]
Event: 23.974 Thread 0x00000232283773d0 11737   !   4       org.gradle.api.internal.artifacts.transform.TransformingAsyncArtifactListener$TransformedArtifact::finalizeValue (168 bytes)

GC Heap History (20 events):
Event: 14.274 GC heap before
{Heap before GC invocations=23 (full 0):
 garbage-first heap   total 134144K, used 105996K [0x0000000080000000, 0x0000000100000000)
  region size 1024K, 51 young (52224K), 7 survivors (7168K)
 Metaspace       used 73906K, committed 74432K, reserved 1114112K
  class space    used 10002K, committed 10240K, reserved 1048576K
}
Event: 14.289 GC heap after
{Heap after GC invocations=24 (full 0):
 garbage-first heap   total 134144K, used 64670K [0x0000000080000000, 0x0000000100000000)
  region size 1024K, 4 young (4096K), 4 survivors (4096K)
 Metaspace       used 73906K, committed 74432K, reserved 1114112K
  class space    used 10002K, committed 10240K, reserved 1048576K
}
Event: 15.003 GC heap before
{Heap before GC invocations=24 (full 0):
 garbage-first heap   total 134144K, used 106654K [0x0000000080000000, 0x0000000100000000)
  region size 1024K, 45 young (46080K), 4 survivors (4096K)
 Metaspace       used 76619K, committed 77312K, reserved 1122304K
  class space    used 10416K, committed 10752K, reserved 1048576K
}
Event: 15.015 GC heap after
{Heap after GC invocations=25 (full 0):
 garbage-first heap   total 134144K, used 68259K [0x0000000080000000, 0x0000000100000000)
  region size 1024K, 4 young (4096K), 4 survivors (4096K)
 Metaspace       used 76619K, committed 77312K, reserved 1122304K
  class space    used 10416K, committed 10752K, reserved 1048576K
}
Event: 15.904 GC heap before
{Heap before GC invocations=26 (full 0):
 garbage-first heap   total 134144K, used 108195K [0x0000000080000000, 0x0000000100000000)
  region size 1024K, 43 young (44032K), 4 survivors (4096K)
 Metaspace       used 81507K, committed 82112K, reserved 1122304K
  class space    used 11127K, committed 11392K, reserved 1048576K
}
Event: 15.914 GC heap after
{Heap after GC invocations=27 (full 0):
 garbage-first heap   total 134144K, used 71765K [0x0000000080000000, 0x0000000100000000)
  region size 1024K, 4 young (4096K), 4 survivors (4096K)
 Metaspace       used 81507K, committed 82112K, reserved 1122304K
  class space    used 11127K, committed 11392K, reserved 1048576K
}
Event: 16.318 GC heap before
{Heap before GC invocations=27 (full 0):
 garbage-first heap   total 134144K, used 108629K [0x0000000080000000, 0x0000000100000000)
  region size 1024K, 40 young (40960K), 4 survivors (4096K)
 Metaspace       used 82372K, committed 83008K, reserved 1122304K
  class space    used 11246K, committed 11520K, reserved 1048576K
}
Event: 16.333 GC heap after
{Heap after GC invocations=28 (full 0):
 garbage-first heap   total 161792K, used 76965K [0x0000000080000000, 0x0000000100000000)
  region size 1024K, 5 young (5120K), 5 survivors (5120K)
 Metaspace       used 82372K, committed 83008K, reserved 1122304K
  class space    used 11246K, committed 11520K, reserved 1048576K
}
Event: 17.908 GC heap before
{Heap before GC invocations=29 (full 0):
 garbage-first heap   total 161792K, used 129189K [0x0000000080000000, 0x0000000100000000)
  region size 1024K, 56 young (57344K), 5 survivors (5120K)
 Metaspace       used 85134K, committed 85760K, reserved 1130496K
  class space    used 11725K, committed 11968K, reserved 1048576K
}
Event: 17.926 GC heap after
{Heap after GC invocations=30 (full 0):
 garbage-first heap   total 161792K, used 83893K [0x0000000080000000, 0x0000000100000000)
  region size 1024K, 7 young (7168K), 7 survivors (7168K)
 Metaspace       used 85134K, committed 85760K, reserved 1130496K
  class space    used 11725K, committed 11968K, reserved 1048576K
}
Event: 17.963 GC heap before
{Heap before GC invocations=30 (full 0):
 garbage-first heap   total 161792K, used 84917K [0x0000000080000000, 0x0000000100000000)
  region size 1024K, 8 young (8192K), 7 survivors (7168K)
 Metaspace       used 85146K, committed 85760K, reserved 1130496K
  class space    used 11725K, committed 11968K, reserved 1048576K
}
Event: 17.978 GC heap after
{Heap after GC invocations=31 (full 0):
 garbage-first heap   total 161792K, used 84198K [0x0000000080000000, 0x0000000100000000)
  region size 1024K, 1 young (1024K), 1 survivors (1024K)
 Metaspace       used 85146K, committed 85760K, reserved 1130496K
  class space    used 11725K, committed 11968K, reserved 1048576K
}
Event: 18.950 GC heap before
{Heap before GC invocations=31 (full 0):
 garbage-first heap   total 161792K, used 129254K [0x0000000080000000, 0x0000000100000000)
  region size 1024K, 46 young (47104K), 1 survivors (1024K)
 Metaspace       used 85341K, committed 85952K, reserved 1130496K
  class space    used 11726K, committed 11968K, reserved 1048576K
}
Event: 18.956 GC heap after
{Heap after GC invocations=32 (full 0):
 garbage-first heap   total 161792K, used 86466K [0x0000000080000000, 0x0000000100000000)
  region size 1024K, 4 young (4096K), 4 survivors (4096K)
 Metaspace       used 85341K, committed 85952K, reserved 1130496K
  class space    used 11726K, committed 11968K, reserved 1048576K
}
Event: 20.011 GC heap before
{Heap before GC invocations=33 (full 0):
 garbage-first heap   total 167936K, used 130498K [0x0000000080000000, 0x0000000100000000)
  region size 1024K, 48 young (49152K), 4 survivors (4096K)
 Metaspace       used 85682K, committed 86336K, reserved 1130496K
  class space    used 11754K, committed 12032K, reserved 1048576K
}
Event: 20.020 GC heap after
{Heap after GC invocations=34 (full 0):
 garbage-first heap   total 167936K, used 89698K [0x0000000080000000, 0x0000000100000000)
  region size 1024K, 6 young (6144K), 6 survivors (6144K)
 Metaspace       used 85682K, committed 86336K, reserved 1130496K
  class space    used 11754K, committed 12032K, reserved 1048576K
}
Event: 20.062 GC heap before
{Heap before GC invocations=34 (full 0):
 garbage-first heap   total 167936K, used 91746K [0x0000000080000000, 0x0000000100000000)
  region size 1024K, 8 young (8192K), 6 survivors (6144K)
 Metaspace       used 85686K, committed 86336K, reserved 1130496K
  class space    used 11754K, committed 12032K, reserved 1048576K
}
Event: 20.071 GC heap after
{Heap after GC invocations=35 (full 0):
 garbage-first heap   total 167936K, used 90300K [0x0000000080000000, 0x0000000100000000)
  region size 1024K, 1 young (1024K), 1 survivors (1024K)
 Metaspace       used 85686K, committed 86336K, reserved 1130496K
  class space    used 11754K, committed 12032K, reserved 1048576K
}
Event: 21.268 GC heap before
{Heap before GC invocations=35 (full 0):
 garbage-first heap   total 167936K, used 136380K [0x0000000080000000, 0x0000000100000000)
  region size 1024K, 47 young (48128K), 1 survivors (1024K)
 Metaspace       used 86069K, committed 86784K, reserved 1130496K
  class space    used 11790K, committed 12096K, reserved 1048576K
}
Event: 21.278 GC heap after
{Heap after GC invocations=36 (full 0):
 garbage-first heap   total 335872K, used 92779K [0x0000000080000000, 0x0000000100000000)
  region size 1024K, 4 young (4096K), 4 survivors (4096K)
 Metaspace       used 86069K, committed 86784K, reserved 1130496K
  class space    used 11790K, committed 12096K, reserved 1048576K
}

Dll operation events (2 events):
Event: 0.009 Loaded shared library C:\Program Files\Android\Android Studio\jbr\bin\java.dll
Event: 0.492 Loaded shared library C:\Program Files\Android\Android Studio\jbr\bin\verify.dll

Deoptimization events (20 events):
Event: 22.576 Thread 0x0000023229e89740 DEOPT PACKING pc=0x0000023216b61244 sp=0x00000074296fac20
Event: 22.576 Thread 0x0000023229e89740 DEOPT UNPACKING pc=0x00000232164269a3 sp=0x00000074296fa908 mode 2
Event: 22.910 Thread 0x0000023229e89740 Uncommon trap: trap_request=0xffffff45 fr.pc=0x0000023216e6cd6c relative=0x000000000000142c
Event: 22.910 Thread 0x0000023229e89740 Uncommon trap: reason=unstable_if action=reinterpret pc=0x0000023216e6cd6c method=com.esotericsoftware.kryo.io.Input.readAscii()Ljava/lang/String; @ 23 c2
Event: 22.910 Thread 0x0000023229e89740 DEOPT PACKING pc=0x0000023216e6cd6c sp=0x00000074296fa640
Event: 22.910 Thread 0x0000023229e89740 DEOPT UNPACKING pc=0x00000232164269a3 sp=0x00000074296fa578 mode 2
Event: 22.942 Thread 0x0000023229e89740 DEOPT PACKING pc=0x000002320fb9fddc sp=0x00000074296fa730
Event: 22.942 Thread 0x0000023229e89740 DEOPT UNPACKING pc=0x0000023216427143 sp=0x00000074296f9bc8 mode 0
Event: 23.040 Thread 0x0000023229e8cc30 Uncommon trap: trap_request=0xffffffec fr.pc=0x0000023216f38680 relative=0x0000000000000700
Event: 23.040 Thread 0x0000023229e8cc30 Uncommon trap: reason=null_assert_or_unreached0 action=make_not_entrant pc=0x0000023216f38680 method=org.gradle.internal.snapshot.impl.DirectorySnapshotter$PathVisitor.shouldVisit(Ljava/nio/file/Path;Ljava/lang/String;Z)Z @ 34 c2
Event: 23.043 Thread 0x0000023229e8cc30 DEOPT PACKING pc=0x0000023216f38680 sp=0x00000074294f9ca0
Event: 23.043 Thread 0x0000023229e8cc30 DEOPT UNPACKING pc=0x00000232164269a3 sp=0x00000074294f9c68 mode 2
Event: 23.081 Thread 0x0000023229e8cc30 Uncommon trap: trap_request=0xffffffde fr.pc=0x0000023216b6982c relative=0x0000000000002e0c
Event: 23.082 Thread 0x0000023229e8cc30 Uncommon trap: reason=class_check action=maybe_recompile pc=0x0000023216b6982c method=org.gradle.internal.snapshot.impl.AbstractValueProcessor.processValue(Ljava/lang/Object;Lorg/gradle/internal/snapshot/impl/AbstractValueProcessor$ValueVisitor;)Ljava/lan
Event: 23.082 Thread 0x0000023229e8cc30 DEOPT PACKING pc=0x0000023216b6982c sp=0x00000074294fc020
Event: 23.082 Thread 0x0000023229e8cc30 DEOPT UNPACKING pc=0x00000232164269a3 sp=0x00000074294fc018 mode 2
Event: 23.083 Thread 0x0000023229e8cc30 Uncommon trap: trap_request=0xffffffde fr.pc=0x0000023216b6982c relative=0x0000000000002e0c
Event: 23.083 Thread 0x0000023229e8cc30 Uncommon trap: reason=class_check action=maybe_recompile pc=0x0000023216b6982c method=org.gradle.internal.snapshot.impl.AbstractValueProcessor.processValue(Ljava/lang/Object;Lorg/gradle/internal/snapshot/impl/AbstractValueProcessor$ValueVisitor;)Ljava/lan
Event: 23.083 Thread 0x0000023229e8cc30 DEOPT PACKING pc=0x0000023216b6982c sp=0x00000074294fc020
Event: 23.083 Thread 0x0000023229e8cc30 DEOPT UNPACKING pc=0x00000232164269a3 sp=0x00000074294fc018 mode 2

Classes unloaded (2 events):
Event: 19.193 Thread 0x0000023224f898f0 Unloading class 0x0000000100bec800 'java/lang/invoke/LambdaForm$DMH+0x0000000100bec800'
Event: 19.193 Thread 0x0000023224f898f0 Unloading class 0x0000000100bec400 'java/lang/invoke/LambdaForm$DMH+0x0000000100bec400'

Classes redefined (0 events):
No events

Internal exceptions (20 events):
Event: 17.505 Thread 0x0000023229e8cc30 Exception <a 'java/lang/NoSuchMethodError'{0x0000000087937dd0}: 'void java.lang.invoke.DirectMethodHandle$Holder.invokeStatic(java.lang.Object, java.lang.Object, java.lang.Object, java.lang.Object, int, java.lang.Object, java.lang.Object)'> (0x0000000087937dd0) 
thrown [s\src\hotspot\share\interpreter\linkResolver.cpp, line 771]
Event: 17.550 Thread 0x0000023228c9b5e0 Exception <a 'java/lang/NoSuchMethodError'{0x00000000876de510}: 'java.lang.Object java.lang.invoke.DirectMethodHandle$Holder.invokeSpecialIFC(java.lang.Object, java.lang.Object, java.lang.Object)'> (0x00000000876de510) 
thrown [s\src\hotspot\share\interpreter\linkResolver.cpp, line 771]
Event: 17.550 Thread 0x0000023229e8cc30 Exception <a 'java/lang/NoSuchMethodError'{0x00000000878aed10}: 'java.lang.Object java.lang.invoke.DirectMethodHandle$Holder.invokeSpecialIFC(java.lang.Object, java.lang.Object, java.lang.Object)'> (0x00000000878aed10) 
thrown [s\src\hotspot\share\interpreter\linkResolver.cpp, line 771]
Event: 17.759 Thread 0x0000023228c985c0 Exception <a 'java/lang/NoSuchMethodError'{0x00000000870ce748}: 'void java.lang.invoke.DirectMethodHandle$Holder.invokeVirtual(java.lang.Object, java.lang.Object)'> (0x00000000870ce748) 
thrown [s\src\hotspot\share\interpreter\linkResolver.cpp, line 771]
Event: 17.759 Thread 0x0000023228c98a90 Exception <a 'java/lang/NoSuchMethodError'{0x0000000087156d80}: 'void java.lang.invoke.DirectMethodHandle$Holder.invokeVirtual(java.lang.Object, java.lang.Object)'> (0x0000000087156d80) 
thrown [s\src\hotspot\share\interpreter\linkResolver.cpp, line 771]
Event: 18.018 Thread 0x00000232289faf00 Implicit null exception at 0x0000023216e76060 to 0x0000023216e760ec
Event: 18.193 Thread 0x00000232289f96f0 Implicit null exception at 0x0000023216e83240 to 0x0000023216e83c70
Event: 18.193 Thread 0x00000232289f96f0 Implicit null exception at 0x0000023216e83240 to 0x0000023216e83c70
Event: 18.194 Thread 0x0000023228c9b5e0 Implicit null exception at 0x0000023216e83240 to 0x0000023216e83c70
Event: 18.194 Thread 0x0000023228c9b5e0 Implicit null exception at 0x0000023216e83240 to 0x0000023216e83c70
Event: 19.267 Thread 0x00000232289fdf20 Implicit null exception at 0x0000023216ee5788 to 0x0000023216ee5914
Event: 21.597 Thread 0x0000023229e89740 Exception <a 'java/lang/NoSuchMethodError'{0x0000000093782920}: static Lcom/android/build/gradle/internal/scope/InternalArtifactType;.<clinit>()V> (0x0000000093782920) 
thrown [s\src\hotspot\share\prims\jni.cpp, line 1108]
Event: 21.597 Thread 0x0000023229e89740 Exception <a 'java/lang/NoSuchMethodError'{0x0000000093784078}: static Lcom/android/build/gradle/internal/scope/InternalArtifactType;.<clinit>()V> (0x0000000093784078) 
thrown [s\src\hotspot\share\prims\jni.cpp, line 1108]
Event: 21.597 Thread 0x0000023229e89740 Exception <a 'java/lang/NoSuchMethodError'{0x0000000093787208}: static Lcom/android/build/api/artifact/Artifact$Single;.<clinit>()V> (0x0000000093787208) 
thrown [s\src\hotspot\share\prims\jni.cpp, line 1108]
Event: 21.597 Thread 0x0000023229e89740 Exception <a 'java/lang/NoSuchMethodError'{0x0000000093789780}: static Ljava/lang/Object;.<clinit>()V> (0x0000000093789780) 
thrown [s\src\hotspot\share\prims\jni.cpp, line 1108]
Event: 21.598 Thread 0x0000023229e89740 Exception <a 'java/lang/NoSuchMethodError'{0x000000009379fb78}: static Lcom/android/build/api/artifact/ArtifactKind;.<clinit>()V> (0x000000009379fb78) 
thrown [s\src\hotspot\share\prims\jni.cpp, line 1108]
Event: 21.599 Thread 0x0000023229e89740 Exception <a 'java/lang/NoSuchMethodError'{0x00000000937a0d38}: static Lcom/android/build/api/artifact/ArtifactKind;.<clinit>()V> (0x00000000937a0d38) 
thrown [s\src\hotspot\share\prims\jni.cpp, line 1108]
Event: 22.576 Thread 0x0000023229e89740 Implicit null exception at 0x0000023216b5d380 to 0x0000023216b61234
Event: 23.056 Thread 0x0000023229e8cc30 Exception <a 'java/lang/NoSuchMethodError'{0x0000000093ac2a00}: 'int java.lang.invoke.DirectMethodHandle$Holder.invokeSpecial(java.lang.Object, java.lang.Object, java.lang.Object, java.lang.Object, java.lang.Object)'> (0x0000000093ac2a00) 
thrown [s\src\hotspot\share\interpreter\linkResolver.cpp, line 771]
Event: 23.083 Thread 0x0000023229e8cc30 Exception <a 'java/lang/NoSuchMethodError'{0x00000000902b7ec8}: static Ljava/lang/Object;.<clinit>()V> (0x00000000902b7ec8) 
thrown [s\src\hotspot\share\prims\jni.cpp, line 1108]

VM Operations (20 events):
Event: 20.551 Executing VM operation: ICBufferFull
Event: 20.552 Executing VM operation: ICBufferFull done
Event: 21.084 Executing VM operation: ICBufferFull
Event: 21.084 Executing VM operation: ICBufferFull done
Event: 21.268 Executing VM operation: G1CollectForAllocation
Event: 21.279 Executing VM operation: G1CollectForAllocation done
Event: 21.536 Executing VM operation: G1Concurrent
Event: 21.547 Executing VM operation: G1Concurrent done
Event: 21.631 Executing VM operation: HandshakeAllThreads
Event: 21.631 Executing VM operation: HandshakeAllThreads done
Event: 21.633 Executing VM operation: HandshakeAllThreads
Event: 21.633 Executing VM operation: HandshakeAllThreads done
Event: 21.666 Executing VM operation: G1Concurrent
Event: 21.667 Executing VM operation: G1Concurrent done
Event: 22.675 Executing VM operation: Cleanup
Event: 22.676 Executing VM operation: Cleanup done
Event: 23.031 Executing VM operation: HandshakeAllThreads
Event: 23.032 Executing VM operation: HandshakeAllThreads done
Event: 23.054 Executing VM operation: ICBufferFull
Event: 23.054 Executing VM operation: ICBufferFull done

Events (20 events):
Event: 19.877 Thread 0x0000023225914e80 flushing nmethod 0x000002320ff02390
Event: 19.877 Thread 0x0000023225914e80 flushing nmethod 0x000002320ff03290
Event: 19.877 Thread 0x0000023225914e80 flushing nmethod 0x000002320ff03b10
Event: 19.877 Thread 0x0000023225914e80 flushing nmethod 0x000002320ff04b10
Event: 19.877 Thread 0x0000023225914e80 flushing nmethod 0x000002320ff09590
Event: 19.878 Thread 0x0000023225914e80 flushing nmethod 0x000002320ff11790
Event: 19.878 Thread 0x0000023225914e80 flushing nmethod 0x000002320ff14d90
Event: 19.878 Thread 0x0000023225914e80 flushing nmethod 0x000002320ff18c90
Event: 19.878 Thread 0x0000023225914e80 flushing nmethod 0x000002320ff1ad90
Event: 19.878 Thread 0x0000023225914e80 flushing nmethod 0x000002320ff1ed10
Event: 19.878 Thread 0x0000023225914e80 flushing nmethod 0x000002320ff2fe90
Event: 19.878 Thread 0x0000023225914e80 flushing nmethod 0x000002320ff36210
Event: 19.878 Thread 0x0000023225914e80 flushing nmethod 0x000002320fff6a10
Event: 19.878 Thread 0x0000023225914e80 flushing nmethod 0x0000023210052f90
Event: 20.321 loading class java/util/stream/SortedOps$SizedRefSortingSink
Event: 20.321 loading class java/util/stream/SortedOps$SizedRefSortingSink done
Event: 21.594 loading class java/util/concurrent/ConcurrentSkipListMap$KeySet
Event: 21.594 loading class java/util/concurrent/ConcurrentSkipListMap$KeySet done
Event: 21.594 loading class java/util/concurrent/ConcurrentSkipListMap$KeyIterator
Event: 21.594 loading class java/util/concurrent/ConcurrentSkipListMap$KeyIterator done


Dynamic libraries:
0x00007ff7b4600000 - 0x00007ff7b460a000 	C:\Program Files\Android\Android Studio\jbr\bin\java.exe
0x00007fffc40f0000 - 0x00007fffc42e8000 	C:\Windows\SYSTEM32\ntdll.dll
0x00007fffc3370000 - 0x00007fffc342f000 	C:\Windows\System32\KERNEL32.DLL
0x00007fffc1cc0000 - 0x00007fffc1fb6000 	C:\Windows\System32\KERNELBASE.dll
0x00007fffc18a0000 - 0x00007fffc19a0000 	C:\Windows\System32\ucrtbase.dll
0x00007fffbdba0000 - 0x00007fffbdbb7000 	C:\Program Files\Android\Android Studio\jbr\bin\jli.dll
0x00007fffc2430000 - 0x00007fffc25cd000 	C:\Windows\System32\USER32.dll
0x00007fffc17d0000 - 0x00007fffc17f2000 	C:\Windows\System32\win32u.dll
0x00007fffc3260000 - 0x00007fffc328c000 	C:\Windows\System32\GDI32.dll
0x00007fffbcc20000 - 0x00007fffbcc3b000 	C:\Program Files\Android\Android Studio\jbr\bin\VCRUNTIME140.dll
0x00007fffc1b10000 - 0x00007fffc1c25000 	C:\Windows\System32\gdi32full.dll
0x00007fffc1800000 - 0x00007fffc189d000 	C:\Windows\System32\msvcp_win.dll
0x00007fffaf2a0000 - 0x00007fffaf53a000 	C:\Windows\WinSxS\amd64_microsoft.windows.common-controls_6595b64144ccf1df_6.0.19041.1110_none_60b5254171f9507e\COMCTL32.dll
0x00007fffc3ee0000 - 0x00007fffc3f7e000 	C:\Windows\System32\msvcrt.dll
0x00007fffc2360000 - 0x00007fffc2390000 	C:\Windows\System32\IMM32.DLL
0x00007fffbdb80000 - 0x00007fffbdb8c000 	C:\Program Files\Android\Android Studio\jbr\bin\vcruntime140_1.dll
0x00007fffb1730000 - 0x00007fffb17bd000 	C:\Program Files\Android\Android Studio\jbr\bin\msvcp140.dll
0x00007fff86a60000 - 0x00007fff876cd000 	C:\Program Files\Android\Android Studio\jbr\bin\server\jvm.dll
0x00007fffc3fe0000 - 0x00007fffc408f000 	C:\Windows\System32\ADVAPI32.dll
0x00007fffc2390000 - 0x00007fffc242c000 	C:\Windows\System32\sechost.dll
0x00007fffc2210000 - 0x00007fffc2336000 	C:\Windows\System32\RPCRT4.dll
0x00007fffade10000 - 0x00007fffade19000 	C:\Windows\SYSTEM32\WSOCK32.dll
0x00007fffaf0c0000 - 0x00007fffaf0e7000 	C:\Windows\SYSTEM32\WINMM.dll
0x00007fffc2f40000 - 0x00007fffc2fab000 	C:\Windows\System32\WS2_32.dll
0x00007fffb7f00000 - 0x00007fffb7f0a000 	C:\Windows\SYSTEM32\VERSION.dll
0x00007fffc0010000 - 0x00007fffc0022000 	C:\Windows\SYSTEM32\kernel.appcore.dll
0x00007fff94c70000 - 0x00007fff94c7a000 	C:\Program Files\Android\Android Studio\jbr\bin\jimage.dll
0x00007fffbfd20000 - 0x00007fffbff04000 	C:\Windows\SYSTEM32\DBGHELP.DLL
0x00007fffa7210000 - 0x00007fffa7244000 	C:\Windows\SYSTEM32\dbgcore.DLL
0x00007fffc1c30000 - 0x00007fffc1cb2000 	C:\Windows\System32\bcryptPrimitives.dll
0x00007fff86a30000 - 0x00007fff86a55000 	C:\Program Files\Android\Android Studio\jbr\bin\java.dll
0x00007fff94a50000 - 0x00007fff94a68000 	C:\Program Files\Android\Android Studio\jbr\bin\zip.dll
0x00007fffc25d0000 - 0x00007fffc2d14000 	C:\Windows\System32\SHELL32.dll
0x00007fffbf570000 - 0x00007fffbfd03000 	C:\Windows\SYSTEM32\windows.storage.dll
0x00007fffc3930000 - 0x00007fffc3c84000 	C:\Windows\System32\combase.dll
0x00007fffc1140000 - 0x00007fffc116e000 	C:\Windows\SYSTEM32\Wldp.dll
0x00007fffc31b0000 - 0x00007fffc325d000 	C:\Windows\System32\SHCORE.dll
0x00007fffc2150000 - 0x00007fffc21a5000 	C:\Windows\System32\shlwapi.dll
0x00007fffc1710000 - 0x00007fffc172f000 	C:\Windows\SYSTEM32\profapi.dll
0x00007fff94980000 - 0x00007fff94999000 	C:\Program Files\Android\Android Studio\jbr\bin\net.dll
0x00007fffb7280000 - 0x00007fffb738a000 	C:\Windows\SYSTEM32\WINHTTP.dll
0x00007fffc0ea0000 - 0x00007fffc0f0a000 	C:\Windows\system32\mswsock.dll
0x00007fff923a0000 - 0x00007fff923b6000 	C:\Program Files\Android\Android Studio\jbr\bin\nio.dll
0x00007fff83100000 - 0x00007fff83110000 	C:\Program Files\Android\Android Studio\jbr\bin\verify.dll
0x00007fffb17c0000 - 0x00007fffb17e7000 	C:\Users\HungNguyen\.gradle\native\68d5fa5c4cc2d200863cafc0d521ce42e7d3e7ee720ec0a83991735586a16f82\windows-amd64\native-platform.dll
0x00007fff8a9e0000 - 0x00007fff8ab24000 	C:\Users\HungNguyen\.gradle\native\e376f236ea51e6404a007f0833ffe2c6e607c4080706a723a18a27aeea778392\windows-amd64\native-platform-file-events.dll
0x00007fff8ac50000 - 0x00007fff8ac59000 	C:\Program Files\Android\Android Studio\jbr\bin\management.dll
0x00007fff869e0000 - 0x00007fff869eb000 	C:\Program Files\Android\Android Studio\jbr\bin\management_ext.dll
0x00007fffc40a0000 - 0x00007fffc40a8000 	C:\Windows\System32\PSAPI.DLL
0x00007fffc1090000 - 0x00007fffc10a8000 	C:\Windows\SYSTEM32\CRYPTSP.dll
0x00007fffc07c0000 - 0x00007fffc07f4000 	C:\Windows\system32\rsaenh.dll
0x00007fffc1fc0000 - 0x00007fffc1fe7000 	C:\Windows\System32\bcrypt.dll
0x00007fffc16d0000 - 0x00007fffc16fe000 	C:\Windows\SYSTEM32\USERENV.dll
0x00007fffc10b0000 - 0x00007fffc10bc000 	C:\Windows\SYSTEM32\CRYPTBASE.dll
0x00007fffc0b90000 - 0x00007fffc0bcc000 	C:\Windows\SYSTEM32\IPHLPAPI.DLL
0x00007fffc4090000 - 0x00007fffc4098000 	C:\Windows\System32\NSI.dll
0x00007fffb7f10000 - 0x00007fffb7f27000 	C:\Windows\SYSTEM32\dhcpcsvc6.DLL
0x00007fffb9380000 - 0x00007fffb939d000 	C:\Windows\SYSTEM32\dhcpcsvc.DLL
0x00007fffc0bd0000 - 0x00007fffc0c9a000 	C:\Windows\SYSTEM32\DNSAPI.dll
0x00007fff82d10000 - 0x00007fff82d17000 	C:\Windows\system32\wshunix.dll

dbghelp: loaded successfully - version: 4.0.5 - missing functions: none
symbol engine: initialized successfully - sym options: 0x614 - pdb path: .;C:\Program Files\Android\Android Studio\jbr\bin;C:\Windows\SYSTEM32;C:\Windows\WinSxS\amd64_microsoft.windows.common-controls_6595b64144ccf1df_6.0.19041.1110_none_60b5254171f9507e;C:\Program Files\Android\Android Studio\jbr\bin\server;C:\Users\HungNguyen\.gradle\native\68d5fa5c4cc2d200863cafc0d521ce42e7d3e7ee720ec0a83991735586a16f82\windows-amd64;C:\Users\HungNguyen\.gradle\native\e376f236ea51e6404a007f0833ffe2c6e607c4080706a723a18a27aeea778392\windows-amd64

VM Arguments:
jvm_args: --add-opens=java.base/java.util=ALL-UNNAMED --add-opens=java.base/java.lang=ALL-UNNAMED --add-opens=java.base/java.lang.invoke=ALL-UNNAMED --add-opens=java.prefs/java.util.prefs=ALL-UNNAMED --add-opens=java.base/java.nio.charset=ALL-UNNAMED --add-opens=java.base/java.net=ALL-UNNAMED --add-opens=java.base/java.util.concurrent.atomic=ALL-UNNAMED -Xmx2048m -Dfile.encoding=UTF-8 -Duser.country=US -Duser.language=en -Duser.variant 
java_command: org.gradle.launcher.daemon.bootstrap.GradleDaemon 8.0
java_class_path (initial): C:\Users\HungNguyen\.gradle\wrapper\dists\gradle-8.0-bin\ca5e32bp14vu59qr306oxotwh\gradle-8.0\lib\gradle-launcher-8.0.jar
Launcher Type: SUN_STANDARD

[Global flags]
     intx CICompilerCount                          = 3                                         {product} {ergonomic}
     uint ConcGCThreads                            = 1                                         {product} {ergonomic}
     uint G1ConcRefinementThreads                  = 4                                         {product} {ergonomic}
   size_t G1HeapRegionSize                         = 1048576                                   {product} {ergonomic}
    uintx GCDrainStackTargetSize                   = 64                                        {product} {ergonomic}
   size_t InitialHeapSize                          = 132120576                                 {product} {ergonomic}
   size_t MarkStackSize                            = 4194304                                   {product} {ergonomic}
   size_t MaxHeapSize                              = 2147483648                                {product} {command line}
   size_t MaxNewSize                               = 1287651328                                {product} {ergonomic}
   size_t MinHeapDeltaBytes                        = 1048576                                   {product} {ergonomic}
   size_t MinHeapSize                              = 8388608                                   {product} {ergonomic}
    uintx NonNMethodCodeHeapSize                   = 5832780                                {pd product} {ergonomic}
    uintx NonProfiledCodeHeapSize                  = 122912730                              {pd product} {ergonomic}
    uintx ProfiledCodeHeapSize                     = 122912730                              {pd product} {ergonomic}
    uintx ReservedCodeCacheSize                    = 251658240                              {pd product} {ergonomic}
     bool SegmentedCodeCache                       = true                                      {product} {ergonomic}
   size_t SoftMaxHeapSize                          = 2147483648                             {manageable} {ergonomic}
     bool UseCompressedClassPointers               = true                           {product lp64_product} {ergonomic}
     bool UseCompressedOops                        = true                           {product lp64_product} {ergonomic}
     bool UseG1GC                                  = true                                      {product} {ergonomic}
     bool UseLargePagesIndividualAllocation        = false                                  {pd product} {ergonomic}

Logging:
Log output configuration:
 #0: stdout all=warning uptime,level,tags
 #1: stderr all=off uptime,level,tags

Environment Variables:
JAVA_HOME=C:\Program Files\Java\jdk-11.0.15.1
PATH=C:\Program Files\Common Files\Oracle\Java\javapath;C:\Windows\system32;C:\Windows;C:\Windows\System32\Wbem;C:\Windows\System32\WindowsPowerShell\v1.0\;C:\Windows\System32\OpenSSH\;C:\Program Files\Git\cmd;C:\Program Files\Java\jdk-11.0.15.1\bin;C:\MinGW\bin;C:\ProgramData\chocolatey\bin;%USERPROFILE%\AppData\Local\Microsoft\WindowsApps;;C:\Users\HungNguyen\AppData\Local\Programs\Microsoft VS Code\bin;C:\questasim64_10.2c\win64
USERNAME=HungNguyen
OS=Windows_NT
PROCESSOR_IDENTIFIER=Intel64 Family 6 Model 78 Stepping 3, GenuineIntel
TMP=C:\Users\HUNGNG~1\AppData\Local\Temp
TEMP=C:\Users\HUNGNG~1\AppData\Local\Temp



---------------  S Y S T E M  ---------------

OS:
 Windows 10 , 64 bit Build 19041 (10.0.19041.3031)
OS uptime: 0 days 0:29 hours

CPU: total 4 (initial active 4) (2 cores per cpu, 2 threads per core) family 6 model 78 stepping 3 microcode 0xec, cx8, cmov, fxsr, ht, mmx, 3dnowpref, sse, sse2, sse3, ssse3, sse4.1, sse4.2, popcnt, lzcnt, tsc, tscinvbit, avx, avx2, aes, erms, clmul, bmi1, bmi2, rtm, adx, fma, vzeroupper, clflush, clflushopt

Memory: 4k page, system-wide physical 8053M (346M free)
TotalPageFile size 9955M (AvailPageFile size 0M)
current process WorkingSet (physical memory assigned to process): 403M, peak: 471M
current process commit charge ("private bytes"): 594M, peak: 602M

vm_info: OpenJDK 64-Bit Server VM (17.0.6+0-b2043.56-9586694) for windows-amd64 JRE (17.0.6+0-b2043.56-9586694), built on Feb  9 2023 20:06:20 by "androidbuild" with MS VC++ 16.10 / 16.11 (VS2019)

END.
